PRT1
266
526
4 0 35 (5120 2048 1032 ) (5120 2048 1152 ) (5120 2080 1152 ) (5120 2080 1032 ) 
4 0 11 (5248 2048 1032 ) (5392 2048 1032 ) (5392 2048 1152 ) (5248 2048 1152 ) 
4 0 13 (5120 2048 1152 ) (5120 2048 1032 ) (5248 2048 1032 ) (5248 2048 1152 ) 
4 0 1 (5120 2048 1032 ) (5120 2080 1032 ) (5248 2080 1032 ) (5248 2048 1032 ) 
4 1 35 (5120 2048 1016 ) (5120 2048 1032 ) (5120 2080 1032 ) (5120 2080 1016 ) 
4 1 13 (5120 2048 1032 ) (5120 2048 1016 ) (5248 2048 1016 ) (5248 2048 1032 ) 
4 1 3 (5120 2080 1016 ) (5248 2080 1016 ) (5248 2048 1016 ) (5120 2048 1016 ) 
4 2 3 (5264 2080 928 ) (5264 2064 928 ) (5264 2064 1016 ) (5264 2080 1016 ) 
4 3 35 (5120 2048 928 ) (5120 2048 1016 ) (5120 2080 1016 ) (5120 2080 928 ) 
4 3 15 (5120 2048 1016 ) (5120 2048 928 ) (5264 2048 928 ) (5264 2048 1016 ) 
4 4 8 (7168 1520 16 ) (7168 1520 -24 ) (7168 1072 -24 ) (7168 1072 16 ) 
4 4 7 (7168 1072 928 ) (7168 1520 928 ) (7168 1520 16 ) (7168 1072 16 ) 
4 4 6 (7168 1200 -24 ) (7168 1392 -24 ) (7312 1392 -24 ) (7312 1200 -24 ) 
4 4 5 (7424 1072 16 ) (7424 1072 928 ) (7168 1072 928 ) (7168 1072 16 ) 
4 5 7 (7168 1056 16 ) (7168 1056 928 ) (7168 1072 928 ) (7168 1072 16 ) 
4 6 9 (7168 1392 -32 ) (7168 1200 -32 ) (7168 1200 -24 ) (7168 1392 -24 ) 
4 7 32 (6144 1056 16 ) (6144 1056 928 ) (6144 1072 928 ) (6144 1072 16 ) 
4 7 30 (6144 1072 928 ) (6144 1456 928 ) (6144 1456 16 ) (6144 1072 16 ) 
4 7 16 (6144 1520 920 ) (6144 1520 16 ) (6144 1456 16 ) (6144 1456 920 ) 
4 7 10 (6144 1456 928 ) (6144 1520 928 ) (6144 1520 920 ) (6144 1456 920 ) 
4 7 8 (6144 1072 16 ) (6144 1520 16 ) (7168 1520 16 ) (7168 1072 16 ) 
4 8 30 (6144 1072 16 ) (6144 1456 16 ) (6144 1456 -24 ) (6144 1072 -24 ) 
4 8 16 (6144 1456 16 ) (6144 1520 16 ) (6144 1520 -24 ) (6144 1456 -24 ) 
4 8 9 (6144 1200 -24 ) (6144 1392 -24 ) (7168 1392 -24 ) (7168 1200 -24 ) 
4 9 31 (6144 1392 -32 ) (6144 1200 -32 ) (6144 1200 -24 ) (6144 1392 -24 ) 
4 10 30 (5424 1456 920 ) (6144 1456 920 ) (6144 1456 928 ) (5424 1456 928 ) 
4 10 16 (6144 1456 920 ) (5424 1456 920 ) (5424 1520 920 ) (6144 1520 920 ) 
4 11 12 (5248 1776 1152 ) (5248 1776 1032 ) (5392 1776 1032 ) (5392 1776 1152 ) 
4 11 13 (5248 1776 1032 ) (5248 1776 1152 ) (5248 2048 1152 ) (5248 2048 1032 ) 
4 12 14 (5392 1776 1016 ) (5392 1456 1016 ) (5264 1456 1016 ) (5264 1776 1016 ) 
4 12 15 (5264 1456 1016 ) (5248 1456 1016 ) (5248 1776 1016 ) (5264 1776 1016 ) 
4 12 13 (5248 1776 1016 ) (5248 1456 1016 ) (5248 1456 1152 ) (5248 1776 1152 ) 
4 13 100 (5120 1456 1016 ) (5120 1456 1152 ) (5120 2048 1152 ) (5120 2048 1016 ) 
4 13 15 (5120 2048 1016 ) (5248 2048 1016 ) (5248 1456 1016 ) (5120 1456 1016 ) 
4 14 15 (5264 1792 928 ) (5264 1456 928 ) (5264 1456 1016 ) (5264 1792 1016 ) 
4 15 100 (5120 1456 928 ) (5120 1456 1016 ) (5120 2048 1016 ) (5120 2048 928 ) 
4 16 30 (6144 1456 -24 ) (6144 1456 920 ) (5376 1456 920 ) (5376 1456 -24 ) 
4 17 19 (5328 1952 920 ) (5328 1952 768 ) (5328 1520 768 ) (5328 1520 920 ) 
4 18 22 (5328 1952 624 ) (5328 1952 576 ) (5328 1520 576 ) (5328 1520 624 ) 
4 18 21 (5328 1952 736 ) (5328 1952 624 ) (5328 1520 624 ) (5328 1520 736 ) 
4 19 101 (5120 1472 920 ) (5120 1952 920 ) (5120 1952 768 ) (5120 1472 768 ) 
4 19 20 (5328 1472 816 ) (5328 1472 920 ) (5120 1472 920 ) (5120 1472 816 ) 
4 20 102 (5120 1456 816 ) (5120 1456 920 ) (5120 1472 920 ) (5120 1472 816 ) 
4 20 30 (5120 1456 920 ) (5120 1456 816 ) (5328 1456 816 ) (5328 1456 920 ) 
4 21 103 (5120 1456 624 ) (5120 1456 736 ) (5120 1952 736 ) (5120 1952 624 ) 
4 21 30 (5120 1456 736 ) (5120 1456 624 ) (5328 1456 624 ) (5328 1456 736 ) 
4 21 22 (5120 1952 624 ) (5328 1952 624 ) (5328 1472 624 ) (5120 1472 624 ) 
4 22 104 (5120 1472 624 ) (5120 1952 624 ) (5120 1952 576 ) (5120 1472 576 ) 
4 23 25 (5328 1952 384 ) (5328 1520 384 ) (5328 1520 432 ) (5328 1952 432 ) 
4 23 24 (5328 1520 432 ) (5328 1520 544 ) (5328 1952 544 ) (5328 1952 432 ) 
4 24 105 (5120 1456 432 ) (5120 1456 544 ) (5120 1952 544 ) (5120 1952 432 ) 
4 24 30 (5120 1456 544 ) (5120 1456 432 ) (5328 1456 432 ) (5328 1456 544 ) 
4 24 25 (5120 1952 432 ) (5328 1952 432 ) (5328 1472 432 ) (5120 1472 432 ) 
4 25 106 (5120 1472 432 ) (5120 1952 432 ) (5120 1952 384 ) (5120 1472 384 ) 
4 26 27 (5328 1520 192 ) (5328 1520 352 ) (5328 1952 352 ) (5328 1952 192 ) 
4 27 117 (5120 1520 240 ) (5120 1520 192 ) (5120 1472 192 ) (5120 1472 240 ) 
4 27 116 (5120 1472 352 ) (5120 1520 352 ) (5120 1520 240 ) (5120 1472 240 ) 
4 27 110 (5120 1520 352 ) (5120 1952 352 ) (5120 1952 192 ) (5120 1520 192 ) 
4 27 28 (5328 1472 240 ) (5328 1472 352 ) (5120 1472 352 ) (5120 1472 240 ) 
4 28 116 (5120 1456 240 ) (5120 1456 352 ) (5120 1472 352 ) (5120 1472 240 ) 
4 28 30 (5120 1456 352 ) (5120 1456 240 ) (5328 1456 240 ) (5328 1456 352 ) 
4 29 114 (5120 1952 158.399994 ) (5120 1952 0 ) (5120 1520 0 ) (5120 1520 158.399994 ) 
4 29 111 (5120 1520 160 ) (5120 1952 160 ) (5120 1952 158.399994 ) (5120 1520 158.399994 ) 
4 30 133 (5120 1456 928 ) (5120 1456 -24 ) (5120 1072 -24 ) (5120 1072 928 ) 
4 30 32 (6144 1072 16 ) (6144 1072 928 ) (5120 1072 928 ) (5120 1072 16 ) 
4 30 31 (5120 1200 -24 ) (5120 1392 -24 ) (6144 1392 -24 ) (6144 1200 -24 ) 
4 31 136 (5120 1392 -32 ) (5120 1200 -32 ) (5120 1200 -24 ) (5120 1392 -24 ) 
4 32 134 (5120 1056 16 ) (5120 1056 928 ) (5120 1072 928 ) (5120 1072 16 ) 
4 34 37 (5072 2080 920 ) (4464 2080 920 ) (4464 2080 832 ) (5072 2080 832 ) 
4 34 36 (5040 2080 928 ) (4464 2080 928 ) (4464 2080 920 ) (5040 2080 920 ) 
4 35 125 (5072 2048 1152 ) (5040 2048 1152 ) (5040 2048 928 ) (5072 2048 928 ) 
4 35 118 (5088 2048 1152 ) (5072 2048 1152 ) (5072 2048 928 ) (5088 2048 928 ) 
4 35 100 (5120 2048 928 ) (5120 2048 1152 ) (5088 2048 1152 ) (5088 2048 928 ) 
4 35 36 (5040 2080 1152 ) (5040 2080 928 ) (5040 2048 928 ) (5040 2048 1152 ) 
4 36 127 (4464 2048 970.105164 ) (4464 2048 920 ) (5040 2048 920 ) (5040 2048 1152 ) 
4 36 39 (5040 2048 920 ) (4464 2048 920 ) (4464 2064 920 ) (5040 2064 920 ) 
4 36 37 (4464 2064 920 ) (4464 2080 920 ) (5040 2080 920 ) (5040 2064 920 ) 
4 37 39 (5072 2064 920 ) (4464 2064 920 ) (4464 2064 832 ) (5072 2064 832 ) 
4 38 40 (4464 2064 158.399994 ) (4464 2080 158.399994 ) (5072 2080 158.399994 ) (5072 2064 158.399994 ) 
4 38 39 (4464 2064 158.399994 ) (5072 2064 158.399994 ) (5072 2064 816 ) (4464 2064 816 ) 
4 39 127 (5040 2048 920 ) (4464 2048 920 ) (4464 2048 158.399994 ) (5040 2048 158.399994 ) 
4 39 126 (5072 2048 920 ) (5040 2048 920 ) (5040 2048 158.399994 ) (5072 2048 158.399994 ) 
4 39 40 (4464 2048 158.399994 ) (4464 2064 158.399994 ) (5072 2064 158.399994 ) (5072 2048 158.399994 ) 
4 40 127 (5040 2048 158.399994 ) (4464 2048 158.399994 ) (4464 2048 -24 ) (5040 2048 -24 ) 
4 40 126 (5072 2048 158.399994 ) (5040 2048 158.399994 ) (5040 2048 -24 ) (5072 2048 -24 ) 
4 40 41 (4640 2080 -24 ) (4848 2080 -24 ) (4848 2048 -24 ) (4640 2048 -24 ) 
4 41 132 (4640 2048 -32 ) (4848 2048 -32 ) (4848 2048 -24 ) (4640 2048 -24 ) 
4 42 77 (4096 2272 864 ) (4096 2272 1096 ) (4096 2424 1096 ) (4096 2424 864 ) 
4 42 60 (4160 2272 1096 ) (4096 2272 1096 ) (4096 2272 864 ) (4160 2272 864 ) 
4 42 59 (4240 2272 1096 ) (4160 2272 1096 ) (4160 2272 864 ) (4240 2272 864 ) 
4 42 48 (4400 2272 864 ) (4400 2272 1096 ) (4240 2272 1096 ) (4240 2272 864 ) 
4 43 78 (4096 2272 672 ) (4096 2272 832 ) (4096 2424 832 ) (4096 2424 672 ) 
4 43 62 (4160 2272 832 ) (4096 2272 832 ) (4096 2272 672 ) (4160 2272 672 ) 
4 43 59 (4240 2272 832 ) (4160 2272 832 ) (4160 2272 672 ) (4240 2272 672 ) 
4 43 51 (4400 2272 672 ) (4400 2272 680 ) (4240 2272 680 ) (4240 2272 672 ) 
4 43 49 (4400 2272 680 ) (4400 2272 832 ) (4240 2272 832 ) (4240 2272 680 ) 
4 44 79 (4096 2272 480 ) (4096 2272 640 ) (4096 2424 640 ) (4096 2424 480 ) 
4 44 65 (4096 2272 576 ) (4096 2272 480 ) (4160 2272 480 ) (4160 2272 576 ) 
4 44 64 (4160 2272 640 ) (4096 2272 640 ) (4096 2272 576 ) (4160 2272 576 ) 
4 44 59 (4240 2272 640 ) (4160 2272 640 ) (4160 2272 480 ) (4240 2272 480 ) 
4 44 52 (4400 2272 480 ) (4400 2272 640 ) (4240 2272 640 ) (4240 2272 480 ) 
4 45 80 (4096 2272 288 ) (4096 2272 448 ) (4096 2424 448 ) (4096 2424 288 ) 
4 45 67 (4096 2272 384 ) (4096 2272 288 ) (4160 2272 288 ) (4160 2272 384 ) 
4 45 66 (4160 2272 448 ) (4096 2272 448 ) (4096 2272 384 ) (4160 2272 384 ) 
4 45 59 (4240 2272 448 ) (4160 2272 448 ) (4160 2272 288 ) (4240 2272 288 ) 
4 45 54 (4400 2272 288 ) (4400 2272 448 ) (4240 2272 448 ) (4240 2272 288 ) 
4 46 81 (4096 2272 96 ) (4096 2272 256 ) (4096 2424 256 ) (4096 2424 96 ) 
4 46 68 (4160 2272 256 ) (4096 2272 256 ) (4096 2272 96 ) (4160 2272 96 ) 
4 46 59 (4240 2272 256 ) (4160 2272 256 ) (4160 2272 96 ) (4240 2272 96 ) 
4 46 57 (4400 2272 96 ) (4400 2272 104 ) (4240 2272 104 ) (4240 2272 96 ) 
4 46 56 (4400 2272 104 ) (4400 2272 256 ) (4240 2272 256 ) (4240 2272 104 ) 
4 47 82 (4096 2272 0 ) (4096 2272 64 ) (4096 2424 64 ) (4096 2424 0 ) 
4 47 70 (4160 2272 64 ) (4096 2272 64 ) (4096 2272 0 ) (4160 2272 0 ) 
4 47 59 (4240 2272 64 ) (4160 2272 64 ) (4160 2272 0 ) (4240 2272 0 ) 
4 47 58 (4400 2272 0 ) (4400 2272 64 ) (4240 2272 64 ) (4240 2272 0 ) 
4 48 72 (4400 2064 864 ) (4400 2064 928 ) (4240 2064 928 ) (4240 2064 864 ) 
4 48 59 (4240 2272 1096 ) (4240 2272 864 ) (4240 2064 864 ) (4240 2064 1096 ) 
4 48 50 (4400 2064 864 ) (4240 2064 864 ) (4240 2256 864 ) (4400 2256 864 ) 
4 49 73 (4400 2064 576 ) (4400 2064 736 ) (4240 2064 736 ) (4240 2064 576 ) 
5 49 59 (4240 2272 832 ) (4240 2272 680 ) (4240 2064 576 ) (4240 2064 736 ) (4240 2240 832 ) 
4 49 51 (4240 2256 672 ) (4240 2272 680 ) (4400 2272 680 ) (4400 2256 672 ) 
4 50 72 (4400 2064 768 ) (4400 2064 864 ) (4240 2064 864 ) (4240 2064 768 ) 
3 50 59 (4240 2064 768 ) (4240 2064 864 ) (4240 2256 864 ) 
3 51 59 (4240 2272 680 ) (4240 2272 672 ) (4240 2256 672 ) 
4 52 74 (4400 2064 480 ) (4400 2064 544 ) (4240 2064 544 ) (4240 2064 480 ) 
5 52 59 (4240 2272 640 ) (4240 2272 480 ) (4240 2064 480 ) (4240 2064 544 ) (4240 2240 640 ) 
4 52 53 (4400 2064 480 ) (4240 2064 480 ) (4240 2256 480 ) (4400 2256 480 ) 
4 53 74 (4400 2064 384 ) (4400 2064 480 ) (4240 2064 480 ) (4240 2064 384 ) 
3 53 59 (4240 2064 384 ) (4240 2064 480 ) (4240 2256 480 ) 
4 54 75 (4400 2064 288 ) (4400 2064 352 ) (4240 2064 352 ) (4240 2064 288 ) 
5 54 59 (4240 2272 448 ) (4240 2272 288 ) (4240 2064 288 ) (4240 2064 352 ) (4240 2240 448 ) 
4 54 55 (4400 2064 288 ) (4240 2064 288 ) (4240 2256 288 ) (4400 2256 288 ) 
4 55 75 (4400 2064 192 ) (4400 2064 288 ) (4240 2064 288 ) (4240 2064 192 ) 
3 55 59 (4240 2064 192 ) (4240 2064 288 ) (4240 2256 288 ) 
4 56 76 (4400 2064 0 ) (4400 2064 160 ) (4240 2064 160 ) (4240 2064 0 ) 
5 56 59 (4240 2272 256 ) (4240 2272 104 ) (4240 2064 0 ) (4240 2064 160 ) (4240 2240 256 ) 
4 56 57 (4240 2256 96 ) (4240 2272 104 ) (4400 2272 104 ) (4400 2256 96 ) 
3 57 59 (4240 2272 104 ) (4240 2272 96 ) (4240 2256 96 ) 
4 58 59 (4240 2272 64 ) (4240 2272 0 ) (4240 2122.666504 0 ) (4240 2240 64 ) 
4 59 76 (4240 2064 0 ) (4240 2064 160 ) (4160 2064 160 ) (4160 2064 0 ) 
4 59 75 (4240 2064 192 ) (4240 2064 352 ) (4160 2064 352 ) (4160 2064 192 ) 
4 59 74 (4240 2064 384 ) (4240 2064 544 ) (4160 2064 544 ) (4160 2064 384 ) 
4 59 73 (4240 2064 576 ) (4240 2064 736 ) (4160 2064 736 ) (4160 2064 576 ) 
4 59 72 (4240 2064 768 ) (4240 2064 928 ) (4160 2064 928 ) (4160 2064 768 ) 
5 59 70 (4160 2272 64 ) (4160 2272 0 ) (4160 2064 0 ) (4160 2064 160 ) (4160 2096 160 ) 
3 59 69 (4160 2064 192 ) (4160 2064 200 ) (4160 2080 192 ) 
5 59 68 (4160 2272 256 ) (4160 2272 96 ) (4160 2064 200 ) (4160 2064 352 ) (4160 2096 352 ) 
3 59 67 (4160 2272 384 ) (4160 2272 288 ) (4160 2080 384 ) 
5 59 66 (4160 2272 448 ) (4160 2272 384 ) (4160 2064 384 ) (4160 2064 544 ) (4160 2096 544 ) 
3 59 65 (4160 2272 576 ) (4160 2272 480 ) (4160 2080 576 ) 
5 59 64 (4160 2272 640 ) (4160 2272 576 ) (4160 2064 576 ) (4160 2064 736 ) (4160 2096 736 ) 
3 59 63 (4160 2064 768 ) (4160 2064 776 ) (4160 2080 768 ) 
5 59 62 (4160 2272 832 ) (4160 2272 672 ) (4160 2064 776 ) (4160 2064 928 ) (4160 2096 928 ) 
3 59 61 (4160 2064 960 ) (4160 2064 968 ) (4160 2080 960 ) 
4 59 60 (4160 2272 1096 ) (4160 2272 864 ) (4160 2064 968 ) (4160 2064 1096 ) 
4 60 83 (4096 2064 968 ) (4096 2064 1096 ) (4096 2272 1096 ) (4096 2272 864 ) 
4 60 71 (4096 2064 1096 ) (4096 2064 968 ) (4120 2064 968 ) (4120 2064 1096 ) 
4 60 61 (4160 2080 960 ) (4160 2064 968 ) (4096 2064 968 ) (4096 2080 960 ) 
3 61 84 (4096 2064 960 ) (4096 2064 968 ) (4096 2080 960 ) 
4 61 71 (4096 2064 968 ) (4096 2064 960 ) (4120 2064 960 ) (4120 2064 968 ) 
3 62 86 (4096 2272 768 ) (4096 2272 672 ) (4096 2080 768 ) 
6 62 85 (4096 2064 776 ) (4096 2064 928 ) (4096 2096 928 ) (4096 2272 832 ) (4096 2272 768 ) (4096 2080 768 ) 
4 62 72 (4096 2064 928 ) (4096 2064 776 ) (4160 2064 776 ) (4160 2064 928 ) 
4 62 63 (4160 2080 768 ) (4160 2064 776 ) (4096 2064 776 ) (4096 2080 768 ) 
3 63 85 (4096 2064 768 ) (4096 2064 776 ) (4096 2080 768 ) 
4 63 72 (4096 2064 776 ) (4096 2064 768 ) (4160 2064 768 ) (4160 2064 776 ) 
3 64 88 (4096 2064 576 ) (4096 2064 584 ) (4096 2080 576 ) 
6 64 87 (4096 2064 584 ) (4096 2064 736 ) (4096 2096 736 ) (4096 2272 640 ) (4096 2272 576 ) (4096 2080 576 ) 
4 64 73 (4096 2064 736 ) (4096 2064 576 ) (4160 2064 576 ) (4160 2064 736 ) 
4 64 65 (4096 2272 576 ) (4160 2272 576 ) (4160 2080 576 ) (4096 2080 576 ) 
3 65 87 (4096 2080 576 ) (4096 2272 576 ) (4096 2272 480 ) 
3 66 90 (4096 2064 384 ) (4096 2064 392 ) (4096 2080 384 ) 
6 66 89 (4096 2064 392 ) (4096 2064 544 ) (4096 2096 544 ) (4096 2272 448 ) (4096 2272 384 ) (4096 2080 384 ) 
4 66 74 (4096 2064 544 ) (4096 2064 384 ) (4160 2064 384 ) (4160 2064 544 ) 
4 66 67 (4096 2272 384 ) (4160 2272 384 ) (4160 2080 384 ) (4096 2080 384 ) 
3 67 89 (4096 2080 384 ) (4096 2272 384 ) (4096 2272 288 ) 
3 68 92 (4096 2272 192 ) (4096 2272 96 ) (4096 2080 192 ) 
6 68 91 (4096 2064 200 ) (4096 2064 352 ) (4096 2096 352 ) (4096 2272 256 ) (4096 2272 192 ) (4096 2080 192 ) 
4 68 75 (4096 2064 352 ) (4096 2064 200 ) (4160 2064 200 ) (4160 2064 352 ) 
4 68 69 (4160 2080 192 ) (4160 2064 200 ) (4096 2064 200 ) (4096 2080 192 ) 
3 69 91 (4096 2064 192 ) (4096 2064 200 ) (4096 2080 192 ) 
4 69 75 (4096 2064 200 ) (4096 2064 192 ) (4160 2064 192 ) (4160 2064 200 ) 
5 70 93 (4096 2064 0 ) (4096 2064 160 ) (4096 2096 160 ) (4096 2272 64 ) (4096 2272 0 ) 
4 70 76 (4096 2064 160 ) (4096 2064 0 ) (4160 2064 0 ) (4160 2064 160 ) 
4 71 154 (4120 2048 1096 ) (4096 2048 1096 ) (4096 2048 960 ) (4120 2048 960 ) 
4 71 94 (4096 2048 960 ) (4096 2048 1096 ) (4096 2064 1096 ) (4096 2064 960 ) 
4 72 155 (4400 2048 768 ) (4400 2048 928 ) (4096 2048 928 ) (4096 2048 768 ) 
4 72 95 (4096 2048 768 ) (4096 2048 928 ) (4096 2064 928 ) (4096 2064 768 ) 
4 73 158 (4400 2048 576 ) (4400 2048 736 ) (4096 2048 736 ) (4096 2048 576 ) 
4 73 96 (4096 2048 576 ) (4096 2048 736 ) (4096 2064 736 ) (4096 2064 576 ) 
4 74 161 (4400 2048 384 ) (4400 2048 544 ) (4096 2048 544 ) (4096 2048 384 ) 
4 74 97 (4096 2048 384 ) (4096 2048 544 ) (4096 2064 544 ) (4096 2064 384 ) 
4 75 164 (4400 2048 192 ) (4400 2048 352 ) (4096 2048 352 ) (4096 2048 192 ) 
4 75 98 (4096 2048 192 ) (4096 2048 352 ) (4096 2064 352 ) (4096 2064 192 ) 
4 76 167 (4400 2048 0 ) (4400 2048 160 ) (4096 2048 160 ) (4096 2048 0 ) 
4 76 99 (4096 2048 0 ) (4096 2048 160 ) (4096 2064 160 ) (4096 2064 0 ) 
4 77 83 (4000 2272 1096 ) (4000 2272 864 ) (4096 2272 864 ) (4096 2272 1096 ) 
4 78 86 (4000 2272 768 ) (4000 2272 672 ) (4096 2272 672 ) (4096 2272 768 ) 
4 78 85 (4000 2272 832 ) (4000 2272 768 ) (4096 2272 768 ) (4096 2272 832 ) 
4 79 87 (4000 2272 640 ) (4000 2272 480 ) (4096 2272 480 ) (4096 2272 640 ) 
4 80 89 (4000 2272 448 ) (4000 2272 288 ) (4096 2272 288 ) (4096 2272 448 ) 
4 81 92 (4000 2272 192 ) (4000 2272 96 ) (4096 2272 96 ) (4096 2272 192 ) 
4 81 91 (4000 2272 256 ) (4000 2272 192 ) (4096 2272 192 ) (4096 2272 256 ) 
4 82 93 (4000 2272 64 ) (4000 2272 0 ) (4096 2272 0 ) (4096 2272 64 ) 
4 83 94 (4016 2064 968 ) (4096 2064 968 ) (4096 2064 1096 ) (4016 2064 1096 ) 
4 83 84 (4096 2064 968 ) (4000 2064 968 ) (4000 2079.998047 960 ) (4096 2079.998047 960 ) 
4 84 94 (4016 2064 960 ) (4096 2064 960 ) (4096 2064 968 ) (4016 2064 968 ) 
4 85 95 (4000 2064 928 ) (4000 2064 768 ) (4096 2064 768 ) (4096 2064 928 ) 
4 85 86 (4000 2080 768 ) (4000 2272 768 ) (4096 2272 768 ) (4096 2080 768 ) 
4 87 96 (4000 2064 736 ) (4000 2064 584 ) (4096 2064 584 ) (4096 2064 736 ) 
4 87 88 (4096 2064 584 ) (4000 2064 584 ) (4000 2080 576 ) (4096 2080 576 ) 
4 88 96 (4000 2064 584 ) (4000 2064 576 ) (4096 2064 576 ) (4096 2064 584 ) 
4 89 97 (4000 2064 544 ) (4000 2064 392 ) (4096 2064 392 ) (4096 2064 544 ) 
4 89 90 (4096 2064 392 ) (4000 2064 392 ) (4000 2080 384 ) (4096 2080 384 ) 
4 90 97 (4000 2064 392 ) (4000 2064 384 ) (4096 2064 384 ) (4096 2064 392 ) 
4 91 98 (4000 2064 352 ) (4000 2064 192 ) (4096 2064 192 ) (4096 2064 352 ) 
4 91 92 (4000 2080 192 ) (4000 2272 192 ) (4096 2272 192 ) (4096 2080 192 ) 
4 93 99 (4000 2064 160 ) (4000 2064 0 ) (4096 2064 0 ) (4096 2064 160 ) 
4 94 180 (4096 2048 960 ) (4096 2048 1096 ) (4016 2048 1096 ) (4016 2048 960 ) 
4 95 181 (4096 2048 768 ) (4096 2048 928 ) (4000 2048 928 ) (4000 2048 768 ) 
4 96 185 (4096 2048 576 ) (4096 2048 736 ) (4000 2048 736 ) (4000 2048 576 ) 
4 97 189 (4096 2048 384 ) (4096 2048 544 ) (4000 2048 544 ) (4000 2048 384 ) 
4 98 193 (4096 2048 192 ) (4096 2048 352 ) (4000 2048 352 ) (4000 2048 192 ) 
4 99 197 (4096 2048 0 ) (4096 2048 160 ) (4000 2048 160 ) (4000 2048 0 ) 
4 100 118 (5088 1456 928 ) (5088 1456 1152 ) (5088 2048 1152 ) (5088 2048 928 ) 
4 101 107 (5104 1920 768 ) (5104 1680 768 ) (5104 1680 920 ) (5104 1920 920 ) 
4 101 102 (5104 1472 920 ) (5104 1472 816 ) (5120 1472 816 ) (5120 1472 920 ) 
4 102 133 (5120 1456 816 ) (5120 1456 920 ) (5104 1456 920 ) (5104 1456 816 ) 
4 103 133 (5120 1456 624 ) (5120 1456 736 ) (5104 1456 736 ) (5104 1456 624 ) 
4 103 108 (5104 1920 624 ) (5104 1680 624 ) (5104 1680 736 ) (5104 1920 736 ) 
4 103 104 (5104 1472 624 ) (5104 1952 624 ) (5120 1952 624 ) (5120 1472 624 ) 
4 104 108 (5104 1920 576 ) (5104 1680 576 ) (5104 1680 624 ) (5104 1920 624 ) 
4 105 133 (5120 1456 432 ) (5120 1456 544 ) (5104 1456 544 ) (5104 1456 432 ) 
4 105 109 (5104 1920 432 ) (5104 1680 432 ) (5104 1680 544 ) (5104 1920 544 ) 
4 105 106 (5104 1472 432 ) (5104 1952 432 ) (5120 1952 432 ) (5120 1472 432 ) 
4 106 109 (5104 1920 384 ) (5104 1680 384 ) (5104 1680 432 ) (5104 1920 432 ) 
4 107 120 (5088 1680 920 ) (5088 1920 920 ) (5088 1920 816 ) (5088 1680 816 ) 
4 108 121 (5088 1680 624 ) (5088 1680 736 ) (5088 1920 736 ) (5088 1920 624 ) 
4 109 122 (5088 1920 544 ) (5088 1920 432 ) (5088 1680 432 ) (5088 1680 544 ) 
4 110 117 (5120 1520 192 ) (5120 1520 240 ) (5104 1520 240 ) (5104 1520 192 ) 
4 110 116 (5120 1520 240 ) (5120 1520 352 ) (5104 1520 352 ) (5104 1520 240 ) 
4 110 112 (5104 1680 352 ) (5104 1920 352 ) (5104 1920 192 ) (5104 1680 192 ) 
4 111 114 (5120 1520 158.399994 ) (5104 1520 158.399994 ) (5104 1952 158.399994 ) (5120 1952 158.399994 ) 
4 111 113 (5104 1920 158.399994 ) (5104 1680 158.399994 ) (5104 1680 160 ) (5104 1920 160 ) 
4 112 123 (5088 1920 352 ) (5088 1920 240 ) (5088 1680 240 ) (5088 1680 352 ) 
4 113 124 (5088 1920 160 ) (5088 1920 158.399994 ) (5088 1680 158.399994 ) (5088 1680 160 ) 
4 113 115 (5088 1680 158.399994 ) (5088 1920 158.399994 ) (5104 1920 158.399994 ) (5104 1680 158.399994 ) 
4 114 115 (5104 1680 158.399994 ) (5104 1952 158.399994 ) (5104 1952 0 ) (5104 1680 0 ) 
4 115 124 (5088 1680 158.399994 ) (5088 1920 158.399994 ) (5088 1920 0 ) (5088 1680 0 ) 
4 115 119 (5088 1920 158.399994 ) (5088 1952 158.399994 ) (5088 1952 0 ) (5088 1920 0 ) 
4 116 133 (5120 1456 240 ) (5120 1456 352 ) (5104 1456 352 ) (5104 1456 240 ) 
4 116 117 (5104 1472 240 ) (5104 1520 240 ) (5120 1520 240 ) (5120 1472 240 ) 
4 118 125 (5072 2048 1152 ) (5072 2048 928 ) (5072 1456 928 ) (5072 1456 1152 ) 
4 119 126 (5072 1952 -24 ) (5072 1920 -24 ) (5072 1920 158.399994 ) (5072 1952 158.399994 ) 
4 119 124 (5088 1920 -24 ) (5088 1920 158.399994 ) (5072 1920 158.399994 ) (5072 1920 -24 ) 
4 120 126 (5072 1680 816 ) (5072 1680 920 ) (5072 1920 920 ) (5072 1920 816 ) 
4 121 126 (5072 1680 624 ) (5072 1680 736 ) (5072 1920 736 ) (5072 1920 624 ) 
4 122 126 (5072 1680 432 ) (5072 1680 544 ) (5072 1920 544 ) (5072 1920 432 ) 
4 123 126 (5072 1680 240 ) (5072 1680 352 ) (5072 1920 352 ) (5072 1920 240 ) 
4 124 126 (5072 1680 -24 ) (5072 1680 160 ) (5072 1920 160 ) (5072 1920 -24 ) 
4 125 127 (5040 2048 1152 ) (5040 2048 928 ) (5040 1456 928 ) (5040 1456 1152 ) 
4 126 133 (5040 1456 -24 ) (5072 1456 -24 ) (5072 1456 920 ) (5040 1456 920 ) 
4 126 127 (5040 2048 920 ) (5040 2048 -24 ) (5040 1456 -24 ) (5040 1456 920 ) 
4 127 133 (4464 1456 -24 ) (5040 1456 -24 ) (5040 1456 928 ) (4464 1456 928 ) 
4 127 132 (4848 1456 -24 ) (4640 1456 -24 ) (4640 2048 -24 ) (4848 2048 -24 ) 
4 127 131 (4464 1544 -24 ) (4464 1456 -24 ) (4464 1456 970.105164 ) (4464 1544 970.105164 ) 
4 127 130 (4464 2016 -24 ) (4464 1544 -24 ) (4464 1544 928 ) (4464 2016 928 ) 
4 127 128 (4464 1544 928 ) (4464 1544 970.105164 ) (4464 2016 970.105164 ) (4464 2016 928 ) 
4 128 131 (4448 1544 928 ) (4464 1544 928 ) (4464 1544 970.105164 ) (4448 1544 965.052612 ) 
4 128 130 (4464 1544 928 ) (4448 1544 928 ) (4448 2016 928 ) (4464 2016 928 ) 
4 128 129 (4448 1544 960 ) (4448 1544 965.052795 ) (4448 2016 965.052795 ) (4448 2016 960 ) 
3 129 131 (4432 1544 960 ) (4448 1544 960 ) (4448 1544 965.052612 ) 
4 130 150 (4432 1552 -24 ) (4432 1544 -24 ) (4432 1544 160 ) (4432 1552 160 ) 
4 130 149 (4432 1952 -24 ) (4432 1680 -24 ) (4432 1680 0 ) (4432 1952 0 ) 
4 130 147 (4432 1680 0 ) (4432 1680 128 ) (4432 1952 128 ) (4432 1952 0 ) 
4 130 141 (4432 1544 160 ) (4432 1544 928 ) (4432 1552 928 ) (4432 1552 160 ) 
4 130 140 (4432 2016 352 ) (4432 2016 240 ) (4432 1936 240 ) (4432 1936 352 ) 
4 130 139 (4432 2016 544 ) (4432 2016 432 ) (4432 1936 432 ) (4432 1936 544 ) 
4 130 138 (4432 2016 736 ) (4432 2016 624 ) (4432 1936 624 ) (4432 1936 736 ) 
4 130 137 (4432 1936 928 ) (4432 2016 928 ) (4432 2016 816 ) (4432 1936 816 ) 
4 130 131 (4432 1544 928 ) (4432 1544 -24 ) (4464 1544 -24 ) (4464 1544 928 ) 
4 131 150 (4432 1456 -24 ) (4432 1456 160 ) (4432 1544 160 ) (4432 1544 -24 ) 
4 131 141 (4432 1456 160 ) (4432 1456 928 ) (4432 1544 928 ) (4432 1544 160 ) 
4 131 133 (4432 1456 928 ) (4432 1456 -24 ) (4464 1456 -24 ) (4464 1456 928 ) 
4 132 135 (4640 1456 -32 ) (4848 1456 -32 ) (4848 1456 -24 ) (4640 1456 -24 ) 
4 133 152 (4432 1200 -24 ) (4432 1072 -24 ) (4432 1072 160 ) (4432 1200 160 ) 
4 133 151 (4432 1392 -24 ) (4432 1200 -24 ) (4432 1200 160 ) (4432 1392 160 ) 
4 133 150 (4432 1456 160 ) (4432 1456 -24 ) (4432 1392 -24 ) (4432 1392 160 ) 
4 133 141 (4432 1456 928 ) (4432 1456 160 ) (4432 1072 160 ) (4432 1072 928 ) 
4 133 136 (4432 1200 -24 ) (4432 1392 -24 ) (5120 1392 -24 ) (5120 1200 -24 ) 
4 133 135 (4640 1456 -24 ) (4848 1456 -24 ) (4848 1392 -24 ) (4640 1392 -24 ) 
4 133 134 (5120 1072 16 ) (5120 1072 928 ) (4432 1072 928 ) (4432 1072 16 ) 
4 134 153 (4432 1056 16 ) (4432 1056 160 ) (4432 1072 160 ) (4432 1072 16 ) 
4 134 141 (4432 1056 160 ) (4432 1056 928 ) (4432 1072 928 ) (4432 1072 160 ) 
4 135 136 (4640 1392 -32 ) (4848 1392 -32 ) (4848 1392 -24 ) (4640 1392 -24 ) 
4 136 151 (4432 1392 -32 ) (4432 1200 -32 ) (4432 1200 -24 ) (4432 1392 -24 ) 
4 137 142 (4416 1936 816 ) (4416 1936 928 ) (4416 2016 928 ) (4416 2016 816 ) 
4 138 143 (4416 1936 624 ) (4416 1936 736 ) (4416 2016 736 ) (4416 2016 624 ) 
4 139 144 (4416 1936 432 ) (4416 1936 544 ) (4416 2016 544 ) (4416 2016 432 ) 
4 140 145 (4416 1936 240 ) (4416 1936 352 ) (4416 2016 352 ) (4416 2016 240 ) 
4 141 153 (4432 1072 160 ) (4432 1056 160 ) (4416 1056 160 ) (4416 1072 160 ) 
4 141 152 (4432 1200 160 ) (4432 1072 160 ) (4416 1072 160 ) (4416 1200 160 ) 
4 141 151 (4432 1392 160 ) (4432 1200 160 ) (4416 1200 160 ) (4416 1392 160 ) 
4 141 150 (4432 1552 160 ) (4432 1392 160 ) (4416 1392 160 ) (4416 1552 160 ) 
4 141 146 (4416 1552 160 ) (4416 1056 160 ) (4416 1056 928 ) (4416 1552 928 ) 
4 142 157 (4400 2016 768 ) (4400 1936 768 ) (4400 1936 928 ) (4400 2016 928 ) 
4 143 160 (4400 2016 576 ) (4400 1936 576 ) (4400 1936 736 ) (4400 2016 736 ) 
4 144 163 (4400 2016 384 ) (4400 1936 384 ) (4400 1936 544 ) (4400 2016 544 ) 
4 145 166 (4400 2016 192 ) (4400 1936 192 ) (4400 1936 352 ) (4400 2016 352 ) 
4 146 179 (4400 1072 160 ) (4400 1056 160 ) (4400 1056 928 ) (4400 1072 928 ) 
4 146 177 (4400 1552 160 ) (4400 1072 160 ) (4400 1072 928 ) (4400 1552 928 ) 
4 146 153 (4400 1056 160 ) (4400 1072 160 ) (4416 1072 160 ) (4416 1056 160 ) 
4 146 152 (4400 1072 160 ) (4400 1200 160 ) (4416 1200 160 ) (4416 1072 160 ) 
4 146 151 (4400 1200 160 ) (4400 1392 160 ) (4416 1392 160 ) (4416 1200 160 ) 
4 146 150 (4400 1392 160 ) (4400 1552 160 ) (4416 1552 160 ) (4416 1392 160 ) 
4 147 149 (4432 1680 0 ) (4416 1680 0 ) (4416 1952 0 ) (4432 1952 0 ) 
4 147 148 (4416 1952 0 ) (4416 1680 0 ) (4416 1680 128 ) (4416 1952 128 ) 
4 148 176 (4400 1680 0 ) (4400 1680 128 ) (4400 1888 128 ) (4400 1888 0 ) 
4 148 175 (4400 1888 128 ) (4400 1904 128 ) (4400 1904 0 ) (4400 1888 0 ) 
4 148 169 (4400 1904 128 ) (4400 1952 128 ) (4400 1952 0 ) (4400 1904 0 ) 
4 150 177 (4400 1392 -24 ) (4400 1392 160 ) (4400 1552 160 ) (4400 1552 -24 ) 
4 150 151 (4432 1392 -24 ) (4432 1392 160 ) (4400 1392 160 ) (4400 1392 -24 ) 
4 151 178 (4400 1392 -32 ) (4400 1200 -32 ) (4400 1200 -24 ) (4400 1392 -24 ) 
4 151 177 (4400 1200 -24 ) (4400 1200 160 ) (4400 1392 160 ) (4400 1392 -24 ) 
4 151 152 (4432 1200 -24 ) (4432 1200 160 ) (4400 1200 160 ) (4400 1200 -24 ) 
4 152 177 (4400 1072 -24 ) (4400 1072 160 ) (4400 1200 160 ) (4400 1200 -24 ) 
4 152 153 (4432 1072 16 ) (4432 1072 160 ) (4400 1072 160 ) (4400 1072 16 ) 
4 153 179 (4400 1056 16 ) (4400 1056 160 ) (4400 1072 160 ) (4400 1072 16 ) 
4 154 180 (4096 2048 1096 ) (4096 2048 960 ) (4096 2016 960 ) (4096 2016 1096 ) 
4 155 181 (4096 2032 928 ) (4096 2048 928 ) (4096 2048 768 ) (4096 2032 768 ) 
4 155 156 (4096 2032 768 ) (4400 2032 768 ) (4400 2032 928 ) (4096 2032 928 ) 
4 156 182 (4096 2016 928 ) (4096 2032 928 ) (4096 2032 768 ) (4096 2016 768 ) 
4 156 157 (4096 2016 768 ) (4400 2016 768 ) (4400 2016 928 ) (4096 2016 928 ) 
4 157 183 (4096 1904 768 ) (4096 1904 928 ) (4096 2016 928 ) (4096 2016 768 ) 
4 157 170 (4328 1904 768 ) (4376 1904 768 ) (4376 1904 877 ) (4328 1904 877 ) 
4 158 185 (4096 2032 736 ) (4096 2048 736 ) (4096 2048 576 ) (4096 2032 576 ) 
4 158 159 (4096 2032 576 ) (4400 2032 576 ) (4400 2032 736 ) (4096 2032 736 ) 
4 159 186 (4096 2016 736 ) (4096 2032 736 ) (4096 2032 576 ) (4096 2016 576 ) 
4 159 160 (4096 2016 576 ) (4400 2016 576 ) (4400 2016 736 ) (4096 2016 736 ) 
4 160 187 (4096 1904 576 ) (4096 1904 736 ) (4096 2016 736 ) (4096 2016 576 ) 
4 160 171 (4328 1904 576 ) (4376 1904 576 ) (4376 1904 685 ) (4328 1904 685 ) 
4 161 189 (4096 2032 544 ) (4096 2048 544 ) (4096 2048 384 ) (4096 2032 384 ) 
4 161 162 (4096 2032 384 ) (4400 2032 384 ) (4400 2032 544 ) (4096 2032 544 ) 
4 162 190 (4096 2016 544 ) (4096 2032 544 ) (4096 2032 384 ) (4096 2016 384 ) 
4 162 163 (4096 2016 384 ) (4400 2016 384 ) (4400 2016 544 ) (4096 2016 544 ) 
4 163 191 (4096 1904 384 ) (4096 1904 544 ) (4096 2016 544 ) (4096 2016 384 ) 
4 163 172 (4328 1904 384 ) (4376 1904 384 ) (4376 1904 493 ) (4328 1904 493 ) 
4 164 193 (4096 2032 352 ) (4096 2048 352 ) (4096 2048 192 ) (4096 2032 192 ) 
4 164 165 (4096 2032 192 ) (4400 2032 192 ) (4400 2032 352 ) (4096 2032 352 ) 
4 165 194 (4096 2016 352 ) (4096 2032 352 ) (4096 2032 192 ) (4096 2016 192 ) 
4 165 166 (4096 2016 192 ) (4400 2016 192 ) (4400 2016 352 ) (4096 2016 352 ) 
4 166 195 (4096 1904 192 ) (4096 1904 352 ) (4096 2016 352 ) (4096 2016 192 ) 
4 166 174 (4096 1904 192.438019 ) (4096 1904 192 ) (4400 1904 192 ) (4400 1904 192.438019 ) 
4 166 173 (4328 1904 192.438019 ) (4376 1904 192.438019 ) (4376 1904 301 ) (4328 1904 301 ) 
4 167 197 (4096 2032 160 ) (4096 2048 160 ) (4096 2048 0 ) (4096 2032 0 ) 
4 167 168 (4096 2032 0 ) (4400 2032 0 ) (4400 2032 160 ) (4096 2032 160 ) 
4 168 198 (4096 2016 160 ) (4096 2032 160 ) (4096 2032 0 ) (4096 2016 0 ) 
4 168 169 (4096 2016 0 ) (4400 2016 0 ) (4400 2016 160 ) (4096 2016 160 ) 
4 169 199 (4096 1904 0 ) (4096 1904 160 ) (4096 2016 160 ) (4096 2016 0 ) 
4 169 175 (4096 1904 160 ) (4096 1904 0 ) (4400 1904 0 ) (4400 1904 160 ) 
4 173 174 (4376 1888 192.438019 ) (4328 1888 192.438019 ) (4328 1904 192.438019 ) (4376 1904 192.438019 ) 
4 174 245 (4096 1888 192 ) (4096 1888 192.438019 ) (4096 1904 192.438019 ) (4096 1904 192 ) 
4 175 246 (4096 1888 0 ) (4096 1888 160 ) (4096 1904 160 ) (4096 1904 0 ) 
4 175 176 (4400 1888 0 ) (4400 1888 160 ) (4096 1888 160 ) (4096 1888 0 ) 
4 176 253 (4096 1888 160 ) (4096 1888 0 ) (4096 1568 0 ) (4096 1568 160 ) 
4 177 257 (4096 1072 -24 ) (4096 1072 928 ) (4096 1552 928 ) (4096 1552 -24 ) 
4 177 179 (4400 1072 16 ) (4400 1072 928 ) (4096 1072 928 ) (4096 1072 16 ) 
4 177 178 (4096 1200 -24 ) (4096 1392 -24 ) (4400 1392 -24 ) (4400 1200 -24 ) 
4 178 258 (4096 1392 -32 ) (4096 1200 -32 ) (4096 1200 -24 ) (4096 1392 -24 ) 
4 179 259 (4096 1056 16 ) (4096 1056 928 ) (4096 1072 928 ) (4096 1072 16 ) 
4 181 182 (4096 2032 928 ) (4000 2032 928 ) (4000 2032 768 ) (4096 2032 768 ) 
4 182 183 (4096 2016 928 ) (4000 2016 928 ) (4000 2016 768 ) (4096 2016 768 ) 
4 183 184 (4000 2016 768 ) (4000 1904 768 ) (4000 1904 928 ) (4000 2016 928 ) 
4 184 208 (3976 1904 768 ) (3976 1904 768.437988 ) (3976 2016 768.437988 ) (3976 2016 768 ) 
4 184 201 (3976 1904 768.437988 ) (3976 1904 877 ) (3976 2016 877 ) (3976 2016 768.437988 ) 
4 184 200 (3976 1904 877 ) (3976 1904 928 ) (3976 2016 928 ) (3976 2016 877 ) 
4 185 186 (4096 2032 736 ) (4000 2032 736 ) (4000 2032 576 ) (4096 2032 576 ) 
4 186 187 (4096 2016 736 ) (4000 2016 736 ) (4000 2016 576 ) (4096 2016 576 ) 
4 187 188 (4000 2016 576 ) (4000 1904 576 ) (4000 1904 736 ) (4000 2016 736 ) 
4 188 218 (3976 1904 576 ) (3976 1904 576.218994 ) (3976 2016 576.218994 ) (3976 2016 576 ) 
4 188 211 (3976 1904 576.218994 ) (3976 1904 684.781006 ) (3976 2016 684.781006 ) (3976 2016 576.218994 ) 
4 188 210 (3976 1904 684.781006 ) (3976 1904 736 ) (3976 2016 736 ) (3976 2016 684.781006 ) 
4 189 190 (4096 2032 544 ) (4000 2032 544 ) (4000 2032 384 ) (4096 2032 384 ) 
4 190 191 (4096 2016 544 ) (4000 2016 544 ) (4000 2016 384 ) (4096 2016 384 ) 
4 191 192 (4000 2016 384 ) (4000 1904 384 ) (4000 1904 544 ) (4000 2016 544 ) 
4 192 228 (3976 1904 384 ) (3976 1904 384.218994 ) (3976 2016 384.218994 ) (3976 2016 384 ) 
4 192 221 (3976 1904 384.218994 ) (3976 1904 492.781006 ) (3976 2016 492.781006 ) (3976 2016 384.218994 ) 
4 192 220 (3976 1904 492.781006 ) (3976 1904 544 ) (3976 2016 544 ) (3976 2016 492.781006 ) 
4 193 194 (4096 2032 352 ) (4000 2032 352 ) (4000 2032 192 ) (4096 2032 192 ) 
4 194 195 (4096 2016 352 ) (4000 2016 352 ) (4000 2016 192 ) (4096 2016 192 ) 
4 195 245 (4096 1904 192 ) (4096 1904 192.438019 ) (4000 1904 192.438019 ) (4000 1904 192 ) 
4 195 196 (4000 2016 192 ) (4000 1904 192 ) (4000 1904 352 ) (4000 2016 352 ) 
4 196 245 (3976 1904 192.438019 ) (3976 1904 192 ) (4000 1904 192 ) (4000 1904 192.438019 ) 
4 196 232 (3976 1904 192 ) (3976 1904 300.781006 ) (3976 2016 300.781006 ) (3976 2016 192 ) 
4 196 230 (3976 1904 300.781006 ) (3976 1904 352 ) (3976 2016 352 ) (3976 2016 300.781006 ) 
4 197 198 (4000 2032 160 ) (4000 2032 0 ) (4096 2032 0 ) (4096 2032 160 ) 
4 198 199 (4000 2016 160 ) (4000 2016 0 ) (4096 2016 0 ) (4096 2016 160 ) 
4 199 246 (4096 1904 0 ) (4096 1904 160 ) (4000 1904 160 ) (4000 1904 0 ) 
4 200 206 (3264 1904 877 ) (3264 2015.979980 877 ) (3280 2015.979980 877 ) (3280 1904 877 ) 
4 200 205 (3280 2015.979980 877 ) (3472 2015.979980 877 ) (3472 1904 877 ) (3280 1904 877 ) 
4 200 203 (3520 2015.979980 877 ) (3904 2015.979980 877 ) (3904 1904 877 ) (3520 1904 877 ) 
4 200 204 (3472 2015.979980 877 ) (3520 2015.979980 877 ) (3520 1904 877 ) (3472 1904 877 ) 
4 200 201 (3952 2015.979980 877 ) (3976 2015.979980 877 ) (3976 1904 877 ) (3952 1904 877 ) 
4 200 202 (3904 2015.979980 877 ) (3952 2015.979980 877 ) (3952 1904 877 ) (3904 1904 877 ) 
4 201 208 (3976 2015.979980 768.437988 ) (3976 1904 768.437988 ) (3952 1904 768.437988 ) (3952 2015.979980 768.437988 ) 
4 201 202 (3952 2015.979980 768.437988 ) (3952 1904 768.437988 ) (3952 1904 877 ) (3952 2015.979980 877 ) 
4 202 241 (3944 1904 877 ) (3904 1904 877 ) (3904 1904 768.437988 ) (3944 1904 768.437988 ) 
4 202 208 (3952 2016 768.437988 ) (3952 1904 768.437988 ) (3904 1904 768.437988 ) (3904 2016 768.437988 ) 
4 202 207 (3904 2032 768.437988 ) (3952 2032 768.437988 ) (3952 2016 768.437988 ) (3904 2016 768.437988 ) 
4 202 203 (3904 2015.979980 768.437988 ) (3904 1904 768.437988 ) (3904 1904 877 ) (3904 2015.979980 877 ) 
4 203 241 (3904 1904 877 ) (3896 1904 877 ) (3896 1904 768.437988 ) (3904 1904 768.437988 ) 
4 203 208 (3904 2015.979980 768.437988 ) (3904 1904 768.437988 ) (3520 1904 768.437988 ) (3520 2015.979980 768.437988 ) 
4 203 204 (3520 2015.979980 768.437988 ) (3520 1904 768.437988 ) (3520 1904 877 ) (3520 2015.979980 877 ) 
4 204 247 (3472 1904 876 ) (3472 1904 768.437988 ) (3505 1904 768.437988 ) (3505 1904 876 ) 
4 204 208 (3520 2016 768.437988 ) (3520 1904 768.437988 ) (3472 1904 768.437988 ) (3472 2016 768.437988 ) 
4 204 207 (3472 2032 768.437988 ) (3520 2032 768.437988 ) (3520 2016 768.437988 ) (3472 2016 768.437988 ) 
4 204 205 (3472 2015.979980 768.437988 ) (3472 1904 768.437988 ) (3472 1904 877 ) (3472 2015.979980 877 ) 
4 205 247 (3457 1904 768.437988 ) (3472 1904 768.437988 ) (3472 1904 876 ) (3457 1904 876 ) 
4 205 208 (3472 2015.979980 768.437988 ) (3472 1904 768.437988 ) (3280 1904 768.437988 ) (3280 2015.979980 768.437988 ) 
4 205 206 (3280 1904 816 ) (3280 1904 877 ) (3280 2015.979980 877 ) (3280 2015.979980 816 ) 
4 207 208 (3976 2016 768 ) (3976 2016 768.437988 ) (3280 2016 768.437988 ) (3280 2016 768 ) 
4 208 247 (3505 1904 768.437988 ) (3457 1904 768.437988 ) (3457 1904 768 ) (3505 1904 768 ) 
4 208 241 (3944 1904 768.437988 ) (3896 1904 768.437988 ) (3896 1904 768 ) (3944 1904 768 ) 
4 209 210 (3976 2015.979980 735.781006 ) (3976 2015.979980 736 ) (3264 2015.979980 736 ) (3264 2015.979980 735.781006 ) 
4 210 242 (3944 1904 685 ) (3896 1904 685 ) (3896 1904 684.781006 ) (3944 1904 684.781006 ) 
4 210 216 (3264 1904 684.781006 ) (3264 2015.979980 684.781006 ) (3280 2015.979980 684.781006 ) (3280 1904 684.781006 ) 
4 210 215 (3280 2015.979980 684.781006 ) (3472 2015.979980 684.781006 ) (3472 1904 684.781006 ) (3280 1904 684.781006 ) 
4 210 213 (3520 2015.979980 684.781006 ) (3904 2015.979980 684.781006 ) (3904 1904 684.781006 ) (3520 1904 684.781006 ) 
4 210 214 (3472 2015.979980 684.781006 ) (3520 2015.979980 684.781006 ) (3520 1904 684.781006 ) (3472 1904 684.781006 ) 
4 210 211 (3952 2015.979980 684.781006 ) (3976 2015.979980 684.781006 ) (3976 1904 684.781006 ) (3952 1904 684.781006 ) 
4 210 212 (3904 2015.979980 684.781006 ) (3952 2015.979980 684.781006 ) (3952 1904 684.781006 ) (3904 1904 684.781006 ) 
4 211 218 (3976 2015.979980 576.218994 ) (3976 1904 576.218994 ) (3952 1904 576.218994 ) (3952 2015.979980 576.218994 ) 
4 211 212 (3952 2015.979980 576.218994 ) (3952 1904 576.218994 ) (3952 1904 684.781006 ) (3952 2015.979980 684.781006 ) 
4 212 242 (3944 1904 684.781006 ) (3904 1904 684.781006 ) (3904 1904 576.218994 ) (3944 1904 576.218994 ) 
4 212 218 (3952 2016 576.218994 ) (3952 1904 576.218994 ) (3904 1904 576.218994 ) (3904 2016 576.218994 ) 
4 212 217 (3904 2032 576.218994 ) (3952 2032 576.218994 ) (3952 2016 576.218994 ) (3904 2016 576.218994 ) 
4 212 213 (3904 2015.979980 576.218994 ) (3904 1904 576.218994 ) (3904 1904 684.781006 ) (3904 2015.979980 684.781006 ) 
4 213 242 (3904 1904 684.781006 ) (3896 1904 684.781006 ) (3896 1904 576.218994 ) (3904 1904 576.218994 ) 
4 213 218 (3904 2015.979980 576.218994 ) (3904 1904 576.218994 ) (3520 1904 576.218994 ) (3520 2015.979980 576.218994 ) 
4 213 214 (3520 2015.979980 576.218994 ) (3520 1904 576.218994 ) (3520 1904 684.781006 ) (3520 2015.979980 684.781006 ) 
4 214 250 (3472 1904 684 ) (3472 1904 576.218994 ) (3505 1904 576.218994 ) (3505 1904 684 ) 
4 214 218 (3520 2016 576.218994 ) (3520 1904 576.218994 ) (3472 1904 576.218994 ) (3472 2016 576.218994 ) 
4 214 217 (3472 2032 576.218994 ) (3520 2032 576.218994 ) (3520 2016 576.218994 ) (3472 2016 576.218994 ) 
4 214 215 (3472 2015.979980 576.218994 ) (3472 1904 576.218994 ) (3472 1904 684.781006 ) (3472 2015.979980 684.781006 ) 
4 215 250 (3457 1904 576.218994 ) (3472 1904 576.218994 ) (3472 1904 684 ) (3457 1904 684 ) 
4 215 218 (3472 2015.979980 576.218994 ) (3472 1904 576.218994 ) (3280 1904 576.218994 ) (3280 2015.979980 576.218994 ) 
4 215 216 (3280 1904 624 ) (3280 1904 684.781006 ) (3280 2015.979980 684.781006 ) (3280 2015.979980 624 ) 
4 217 218 (3976 2016 576 ) (3976 2016 576.218994 ) (3280 2016 576.218994 ) (3280 2016 576 ) 
4 218 250 (3505 1904 576.218994 ) (3457 1904 576.218994 ) (3457 1904 576 ) (3505 1904 576 ) 
4 218 242 (3944 1904 576.218994 ) (3896 1904 576.218994 ) (3896 1904 576 ) (3944 1904 576 ) 
4 219 220 (3976 2015.979980 543.781006 ) (3976 2015.979980 544 ) (3264 2015.979980 544 ) (3264 2015.979980 543.781006 ) 
4 220 243 (3944 1904 493 ) (3896 1904 493 ) (3896 1904 492.781006 ) (3944 1904 492.781006 ) 
4 220 226 (3264 1904 492.781006 ) (3264 2015.979980 492.781006 ) (3280 2015.979980 492.781006 ) (3280 1904 492.781006 ) 
4 220 225 (3280 2015.979980 492.781006 ) (3472 2015.979980 492.781006 ) (3472 1904 492.781006 ) (3280 1904 492.781006 ) 
4 220 223 (3520 2015.979980 492.781006 ) (3904 2015.979980 492.781006 ) (3904 1904 492.781006 ) (3520 1904 492.781006 ) 
4 220 224 (3472 2015.979980 492.781006 ) (3520 2015.979980 492.781006 ) (3520 1904 492.781006 ) (3472 1904 492.781006 ) 
4 220 221 (3952 2015.979980 492.781006 ) (3976 2015.979980 492.781006 ) (3976 1904 492.781006 ) (3952 1904 492.781006 ) 
4 220 222 (3904 2015.979980 492.781006 ) (3952 2015.979980 492.781006 ) (3952 1904 492.781006 ) (3904 1904 492.781006 ) 
4 221 228 (3976 2015.979980 384.218994 ) (3976 1904 384.218994 ) (3952 1904 384.218994 ) (3952 2015.979980 384.218994 ) 
4 221 222 (3952 2015.979980 384.218994 ) (3952 1904 384.218994 ) (3952 1904 492.781006 ) (3952 2015.979980 492.781006 ) 
4 222 243 (3944 1904 492.781006 ) (3904 1904 492.781006 ) (3904 1904 384.218994 ) (3944 1904 384.218994 ) 
4 222 228 (3952 2016 384.218994 ) (3952 1904 384.218994 ) (3904 1904 384.218994 ) (3904 2016 384.218994 ) 
4 222 227 (3904 2032 384.218994 ) (3952 2032 384.218994 ) (3952 2016 384.218994 ) (3904 2016 384.218994 ) 
4 222 223 (3904 2015.979980 384.218994 ) (3904 1904 384.218994 ) (3904 1904 492.781006 ) (3904 2015.979980 492.781006 ) 
4 223 243 (3904 1904 492.781006 ) (3896 1904 492.781006 ) (3896 1904 384.218994 ) (3904 1904 384.218994 ) 
4 223 228 (3904 2015.979980 384.218994 ) (3904 1904 384.218994 ) (3520 1904 384.218994 ) (3520 2015.979980 384.218994 ) 
4 223 224 (3520 2015.979980 384.218994 ) (3520 1904 384.218994 ) (3520 1904 492.781006 ) (3520 2015.979980 492.781006 ) 
4 224 251 (3472 1904 492.127045 ) (3472 1904 384.218994 ) (3505 1904 384.218994 ) (3505 1904 492.127045 ) 
4 224 228 (3520 2016 384.218994 ) (3520 1904 384.218994 ) (3472 1904 384.218994 ) (3472 2016 384.218994 ) 
4 224 227 (3472 2032 384.218994 ) (3520 2032 384.218994 ) (3520 2016 384.218994 ) (3472 2016 384.218994 ) 
4 224 225 (3472 2015.979980 384.218994 ) (3472 1904 384.218994 ) (3472 1904 492.781006 ) (3472 2015.979980 492.781006 ) 
4 225 251 (3457 1904 384.218994 ) (3472 1904 384.218994 ) (3472 1904 492.127045 ) (3457 1904 492.127045 ) 
4 225 228 (3472 2015.979980 384.218994 ) (3472 1904 384.218994 ) (3280 1904 384.218994 ) (3280 2015.979980 384.218994 ) 
4 225 226 (3280 1904 432 ) (3280 1904 492.781006 ) (3280 2015.979980 492.781006 ) (3280 2015.979980 432 ) 
4 227 228 (3976 2016 384 ) (3976 2016 384.218994 ) (3280 2016 384.218994 ) (3280 2016 384 ) 
4 228 251 (3505 1904 384.218994 ) (3457 1904 384.218994 ) (3457 1904 384 ) (3505 1904 384 ) 
4 228 243 (3944 1904 384.218994 ) (3896 1904 384.218994 ) (3896 1904 384 ) (3944 1904 384 ) 
4 229 230 (3976 2015.979980 351.781006 ) (3976 2015.979980 352 ) (3264 2015.979980 352 ) (3264 2015.979980 351.781006 ) 
4 230 244 (3944 1904 301 ) (3896 1904 301 ) (3896 1904 300.781006 ) (3944 1904 300.781006 ) 
4 230 237 (3264 1904 300.781006 ) (3264 2015.979980 300.781006 ) (3472 2015.979980 300.781006 ) (3472 1904 300.781006 ) 
4 230 235 (3520 2015.979980 300.781006 ) (3904 2015.979980 300.781006 ) (3904 1904 300.781006 ) (3520 1904 300.781006 ) 
4 230 236 (3472 2015.979980 300.781006 ) (3520 2015.979980 300.781006 ) (3520 1904 300.781006 ) (3472 1904 300.781006 ) 
4 230 232 (3952 2015.979980 300.781006 ) (3976 2015.979980 300.781006 ) (3976 1904 300.781006 ) (3952 1904 300.781006 ) 
4 230 233 (3904 2015.979980 300.781006 ) (3952 2015.979980 300.781006 ) (3952 1904 300.781006 ) (3904 1904 300.781006 ) 
4 231 232 (3952 2015.979980 192.218994 ) (3952 2015.979980 192 ) (3976 2015.979980 192 ) (3976 2015.979980 192.218994 ) 
4 231 233 (3952 2032 192 ) (3952 2015.979980 192 ) (3952 2015.979980 192.218994 ) (3952 2032 192.218994 ) 
4 232 245 (3976 1904 192 ) (3976 1904 192.438019 ) (3952 1904 192.438019 ) (3952 1904 192 ) 
4 232 233 (3952 2015.979980 192 ) (3952 1904 192 ) (3952 1904 300.781006 ) (3952 2015.979980 300.781006 ) 
4 233 245 (3904 1904 192.438019 ) (3904 1904 192 ) (3952 1904 192 ) (3952 1904 192.438019 ) 
4 233 244 (3944 1904 300.781006 ) (3904 1904 300.781006 ) (3904 1904 192.438019 ) (3944 1904 192.438019 ) 
4 233 234 (3904 2032 192.218994 ) (3904 2032 192 ) (3904 2015.979980 192 ) (3904 2015.979980 192.218994 ) 
4 233 235 (3904 1904 192 ) (3904 1904 300.781006 ) (3904 2015.979980 300.781006 ) (3904 2015.979980 192 ) 
4 234 235 (3520 2015.979980 192.218994 ) (3520 2015.979980 192 ) (3904 2015.979980 192 ) (3904 2015.979980 192.218994 ) 
4 234 236 (3520 2032 192 ) (3520 2015.979980 192 ) (3520 2015.979980 192.218994 ) (3520 2032 192.218994 ) 
4 235 245 (3904 1904 192 ) (3904 1904 192.438019 ) (3568 1904 192.438019 ) (3568 1904 192 ) 
4 235 244 (3904 1904 192.438019 ) (3904 1904 300.781006 ) (3896 1904 300.781006 ) (3896 1904 192.438019 ) 
4 235 236 (3520 2015.979980 192 ) (3520 1904 192 ) (3520 1904 300.781006 ) (3520 2015.979980 300.781006 ) 
4 236 252 (3472 1904 300.140991 ) (3472 1904 192 ) (3505 1904 192 ) (3505 1904 300.140991 ) 
4 236 238 (3472 2032 192.218994 ) (3472 2032 192 ) (3472 2015.979980 192 ) (3472 2015.979980 192.218994 ) 
4 236 239 (3472 1904 192 ) (3472 1904 240 ) (3472 2015.979980 240 ) (3472 2015.979980 192 ) 
4 236 237 (3472 1904 240 ) (3472 1904 300.781006 ) (3472 2015.979980 300.781006 ) (3472 2015.979980 240 ) 
4 237 252 (3472 1904 240 ) (3472 1904 300.140991 ) (3457 1904 300.140991 ) (3457 1904 240 ) 
4 237 239 (3280 2015.979980 240 ) (3472 2015.979980 240 ) (3472 1904 240 ) (3280 1904 240 ) 
4 238 240 (3280 2032 192 ) (3280 2015.979980 192 ) (3280 2015.979980 192.218994 ) (3280 2032 192.218994 ) 
4 238 239 (3280 2015.979980 192.218994 ) (3280 2015.979980 192 ) (3472 2015.979980 192 ) (3472 2015.979980 192.218994 ) 
4 239 252 (3472 1904 192 ) (3472 1904 240 ) (3457 1904 240 ) (3457 1904 192 ) 
4 244 245 (3944 1888 192.438019 ) (3896 1888 192.438019 ) (3896 1904 192.438019 ) (3944 1904 192.438019 ) 
4 246 253 (4096 1888 0 ) (4096 1888 160 ) (4000 1888 160 ) (4000 1888 0 ) 
4 247 248 (3457 1898 876 ) (3457 1898 768 ) (3505 1898 768 ) (3505 1898 876 ) 
4 248 249 (3457 1897.500000 876 ) (3457 1897.500000 768 ) (3505 1897.500000 768 ) (3505 1897.500000 876 ) 
4 249 254 (3505 1888 876 ) (3457 1888 876 ) (3457 1888 768 ) (3505 1888 768 ) 
4 254 255 (3466 1568 866 ) (3466 1568 788 ) (3510 1568 788 ) (3510 1568 866 ) 
4 255 256 (3466 1560 788 ) (3510 1560 788 ) (3510 1560 866 ) (3466 1560 866 ) 
4 256 257 (3510 1552 788 ) (3510 1552 866 ) (3466 1552 866 ) (3466 1552 788 ) 
4 257 260 (3072 1552 928 ) (3072 1552 -24 ) (3072 1072 -24 ) (3072 1072 928 ) 
4 257 259 (4096 1072 16 ) (4096 1072 928 ) (3072 1072 928 ) (3072 1072 16 ) 
4 257 258 (3072 1200 -24 ) (3072 1392 -24 ) (4096 1392 -24 ) (4096 1200 -24 ) 
4 258 261 (3072 1392 -32 ) (3072 1200 -32 ) (3072 1200 -24 ) (3072 1392 -24 ) 
4 259 262 (3072 1056 16 ) (3072 1056 928 ) (3072 1072 928 ) (3072 1072 16 ) 
4 260 263 (2048 1072 -24 ) (2048 1072 928 ) (2048 1552 928 ) (2048 1552 -24 ) 
4 260 262 (3072 1072 16 ) (3072 1072 928 ) (2048 1072 928 ) (2048 1072 16 ) 
4 260 261 (2048 1200 -24 ) (2048 1392 -24 ) (3072 1392 -24 ) (3072 1200 -24 ) 
4 261 264 (2048 1392 -32 ) (2048 1200 -32 ) (2048 1200 -24 ) (2048 1392 -24 ) 
4 262 265 (2048 1056 16 ) (2048 1056 928 ) (2048 1072 928 ) (2048 1072 16 ) 
4 263 265 (2048 1072 928 ) (1056 1072 928 ) (1056 1072 16 ) (2048 1072 16 ) 
4 263 264 (1056 1200 -24 ) (1056 1392 -24 ) (2048 1392 -24 ) (2048 1200 -24 ) 
