PRT1
191
376
4 1 26 (2336 1584 1280 ) (2336 1584 1152 ) (2336 1312 1152 ) (2336 1312 1280 ) 
4 1 21 (2336 1248 1392 ) (2336 1248 1504 ) (2336 1648 1504 ) (2336 1648 1392 ) 
4 1 20 (2336 1248 1584 ) (2336 1248 1696 ) (2336 1648 1696 ) (2336 1648 1584 ) 
4 1 17 (2336 1248 1776 ) (2336 1248 1888 ) (2336 1648 1888 ) (2336 1648 1776 ) 
4 1 14 (2336 1248 1968 ) (2336 1248 2080 ) (2336 1648 2080 ) (2336 1648 1968 ) 
4 2 12 (2336 1648 2304 ) (2336 1648 2528 ) (2080 1648 2528 ) (2080 1648 2304 ) 
4 3 13 (2080 1648 2112 ) (2336 1648 2112 ) (2336 1648 2272 ) (2080 1648 2272 ) 
4 4 5 (2080 1696 2080 ) (2080 1696 1968 ) (2304 1696 1968 ) (2304 1696 2080 ) 
4 5 15 (2304 1648 1920 ) (2304 1648 2080 ) (2080 1648 2080 ) (2080 1648 1920 ) 
4 6 18 (2304 1648 1776 ) (2304 1648 1888 ) (2080 1648 1888 ) (2080 1648 1776 ) 
4 6 7 (2080 1648 1776 ) (2080 1696 1776 ) (2304 1696 1776 ) (2304 1648 1776 ) 
4 7 18 (2080 1648 1728 ) (2304 1648 1728 ) (2304 1648 1776 ) (2080 1648 1776 ) 
4 8 22 (2304 1648 1584 ) (2304 1648 1696 ) (2080 1648 1696 ) (2080 1648 1584 ) 
4 8 9 (2080 1648 1584 ) (2080 1696 1584 ) (2304 1696 1584 ) (2304 1648 1584 ) 
4 9 22 (2080 1648 1536 ) (2304 1648 1536 ) (2304 1648 1584 ) (2080 1648 1584 ) 
4 10 24 (2304 1648 1392 ) (2304 1648 1504 ) (2080 1648 1504 ) (2080 1648 1392 ) 
4 10 11 (2080 1648 1392 ) (2080 1696 1392 ) (2304 1696 1392 ) (2304 1648 1392 ) 
4 11 24 (2080 1648 1344 ) (2304 1648 1344 ) (2304 1648 1392 ) (2080 1648 1392 ) 
4 12 31 (2064 1384 2528 ) (2064 1408 2528 ) (2064 1408 2352 ) (2064 1384 2352 ) 
4 12 32 (2064 1248 2304 ) (2064 1248 2528 ) (2064 1384 2528 ) (2064 1384 2304 ) 
4 12 30 (2064 1408 2528 ) (2064 1488 2528 ) (2064 1488 2352 ) (2064 1408 2352 ) 
4 12 29 (2064 1488 2528 ) (2064 1648 2528 ) (2064 1648 2304 ) (2064 1488 2304 ) 
4 13 35 (2064 1248 2112 ) (2064 1248 2160 ) (2064 1384 2160 ) (2064 1384 2112 ) 
4 13 34 (2064 1512 2160 ) (2064 1648 2160 ) (2064 1648 2112 ) (2064 1512 2112 ) 
4 13 33 (2064 1248 2160 ) (2064 1248 2272 ) (2064 1648 2272 ) (2064 1648 2160 ) 
4 14 15 (2320 1248 1968 ) (2320 1248 2080 ) (2320 1648 2080 ) (2320 1648 1968 ) 
4 15 51 (2304 1248 2080 ) (2080 1248 2080 ) (2080 1248 1920 ) (2304 1248 1920 ) 
4 15 16 (2080 1648 1920 ) (2080 1248 1920 ) (2080 1248 2080 ) (2080 1648 2080 ) 
4 16 38 (2064 1248 1920 ) (2064 1248 1968 ) (2064 1384 1968 ) (2064 1384 1920 ) 
4 16 37 (2064 1512 1968 ) (2064 1648 1968 ) (2064 1648 1920 ) (2064 1512 1920 ) 
4 16 36 (2064 1248 1968 ) (2064 1248 2080 ) (2064 1648 2080 ) (2064 1648 1968 ) 
4 17 18 (2320 1248 1776 ) (2320 1248 1888 ) (2320 1648 1888 ) (2320 1648 1776 ) 
4 18 52 (2304 1248 1888 ) (2080 1248 1888 ) (2080 1248 1728 ) (2304 1248 1728 ) 
4 18 19 (2080 1648 1728 ) (2080 1248 1728 ) (2080 1248 1888 ) (2080 1648 1888 ) 
4 19 41 (2064 1248 1728 ) (2064 1248 1776 ) (2064 1384 1776 ) (2064 1384 1728 ) 
4 19 40 (2064 1512 1776 ) (2064 1648 1776 ) (2064 1648 1728 ) (2064 1512 1728 ) 
4 19 39 (2064 1248 1776 ) (2064 1248 1888 ) (2064 1648 1888 ) (2064 1648 1776 ) 
4 20 22 (2320 1248 1584 ) (2320 1248 1696 ) (2320 1648 1696 ) (2320 1648 1584 ) 
4 21 24 (2320 1248 1392 ) (2320 1248 1504 ) (2320 1648 1504 ) (2320 1648 1392 ) 
4 22 53 (2304 1248 1696 ) (2080 1248 1696 ) (2080 1248 1536 ) (2304 1248 1536 ) 
4 22 23 (2080 1648 1536 ) (2080 1248 1536 ) (2080 1248 1696 ) (2080 1648 1696 ) 
4 23 44 (2064 1248 1536 ) (2064 1248 1584 ) (2064 1384 1584 ) (2064 1384 1536 ) 
4 23 43 (2064 1512 1584 ) (2064 1648 1584 ) (2064 1648 1536 ) (2064 1512 1536 ) 
4 23 42 (2064 1248 1584 ) (2064 1248 1696 ) (2064 1648 1696 ) (2064 1648 1584 ) 
4 24 54 (2080 1248 1344 ) (2304 1248 1344 ) (2304 1248 1504 ) (2080 1248 1504 ) 
4 24 25 (2080 1648 1344 ) (2080 1248 1344 ) (2080 1248 1504 ) (2080 1648 1504 ) 
4 25 47 (2064 1248 1344 ) (2064 1248 1392 ) (2064 1384 1392 ) (2064 1384 1344 ) 
4 25 46 (2064 1512 1392 ) (2064 1648 1392 ) (2064 1648 1344 ) (2064 1512 1344 ) 
4 25 45 (2064 1248 1392 ) (2064 1248 1504 ) (2064 1648 1504 ) (2064 1648 1392 ) 
4 26 27 (2304 1584 1280 ) (2304 1584 1152 ) (2304 1312 1152 ) (2304 1312 1280 ) 
4 27 28 (2080 1648 1152 ) (2080 1248 1152 ) (2080 1248 1312 ) (2080 1648 1312 ) 
4 28 49 (2064 1488 1312 ) (2064 1512 1312 ) (2064 1512 1200 ) (2064 1488 1200 ) 
4 28 50 (2064 1248 1152 ) (2064 1248 1312 ) (2064 1488 1312 ) (2064 1488 1152 ) 
4 28 48 (2064 1512 1312 ) (2064 1648 1312 ) (2064 1648 1152 ) (2064 1512 1152 ) 
4 29 61 (2048 1488 2528 ) (2048 1648 2528 ) (2048 1648 2304 ) (2048 1488 2304 ) 
4 29 30 (2064 1488 2352 ) (2064 1488 2528 ) (2048 1488 2528 ) (2048 1488 2352 ) 
4 30 99 (2048 1408 2528 ) (2048 1488 2528 ) (2048 1488 2352 ) (2048 1408 2352 ) 
4 30 31 (2064 1408 2352 ) (2064 1408 2528 ) (2048 1408 2528 ) (2048 1408 2352 ) 
4 31 108 (2048 1384 2528 ) (2048 1408 2528 ) (2048 1408 2352 ) (2048 1384 2352 ) 
4 31 32 (2064 1384 2352 ) (2064 1384 2528 ) (2048 1384 2528 ) (2048 1384 2352 ) 
4 32 109 (2048 1248 2304 ) (2048 1248 2352 ) (2048 1384 2352 ) (2048 1384 2304 ) 
4 32 108 (2048 1248 2352 ) (2048 1248 2528 ) (2048 1384 2528 ) (2048 1384 2352 ) 
4 33 110 (2048 1248 2160 ) (2048 1248 2272 ) (2048 1408 2272 ) (2048 1408 2160 ) 
4 33 100 (2048 1408 2272 ) (2048 1488 2272 ) (2048 1488 2160 ) (2048 1408 2160 ) 
4 33 62 (2048 1488 2272 ) (2048 1648 2272 ) (2048 1648 2160 ) (2048 1488 2160 ) 
4 33 35 (2064 1384 2160 ) (2064 1248 2160 ) (2048 1248 2160 ) (2048 1384 2160 ) 
4 33 34 (2064 1648 2160 ) (2064 1512 2160 ) (2048 1512 2160 ) (2048 1648 2160 ) 
4 34 63 (2048 1512 2160 ) (2048 1648 2160 ) (2048 1648 2112 ) (2048 1512 2112 ) 
4 35 119 (2048 1248 2128 ) (2048 1248 2160 ) (2048 1384 2160 ) (2048 1384 2128 ) 
4 35 115 (2048 1248 2112 ) (2048 1248 2128 ) (2048 1384 2128 ) (2048 1384 2112 ) 
4 36 116 (2048 1248 1968 ) (2048 1248 2080 ) (2048 1408 2080 ) (2048 1408 1968 ) 
4 36 101 (2048 1408 2080 ) (2048 1488 2080 ) (2048 1488 1968 ) (2048 1408 1968 ) 
4 36 65 (2048 1488 2080 ) (2048 1512 2080 ) (2048 1512 1968 ) (2048 1488 1968 ) 
4 36 64 (2048 1512 2080 ) (2048 1648 2080 ) (2048 1648 1968 ) (2048 1512 1968 ) 
4 36 38 (2064 1384 1968 ) (2064 1248 1968 ) (2048 1248 1968 ) (2048 1384 1968 ) 
4 36 37 (2064 1648 1968 ) (2064 1512 1968 ) (2048 1512 1968 ) (2048 1648 1968 ) 
4 37 64 (2048 1512 1968 ) (2048 1648 1968 ) (2048 1648 1920 ) (2048 1512 1920 ) 
4 38 120 (2048 1248 1920 ) (2048 1248 1968 ) (2048 1384 1968 ) (2048 1384 1920 ) 
4 39 121 (2048 1248 1776 ) (2048 1248 1888 ) (2048 1408 1888 ) (2048 1408 1776 ) 
4 39 102 (2048 1408 1888 ) (2048 1488 1888 ) (2048 1488 1776 ) (2048 1408 1776 ) 
4 39 66 (2048 1488 1888 ) (2048 1648 1888 ) (2048 1648 1776 ) (2048 1488 1776 ) 
4 39 41 (2064 1384 1776 ) (2064 1248 1776 ) (2048 1248 1776 ) (2048 1384 1776 ) 
4 39 40 (2064 1648 1776 ) (2064 1512 1776 ) (2048 1512 1776 ) (2048 1648 1776 ) 
4 40 67 (2048 1512 1776 ) (2048 1648 1776 ) (2048 1648 1728 ) (2048 1512 1728 ) 
4 41 127 (2048 1248 1728 ) (2048 1248 1776 ) (2048 1384 1776 ) (2048 1384 1728 ) 
4 42 128 (2048 1248 1584 ) (2048 1248 1696 ) (2048 1408 1696 ) (2048 1408 1584 ) 
4 42 103 (2048 1408 1696 ) (2048 1488 1696 ) (2048 1488 1584 ) (2048 1408 1584 ) 
4 42 68 (2048 1488 1696 ) (2048 1648 1696 ) (2048 1648 1584 ) (2048 1488 1584 ) 
4 42 44 (2064 1384 1584 ) (2064 1248 1584 ) (2048 1248 1584 ) (2048 1384 1584 ) 
4 42 43 (2064 1648 1584 ) (2064 1512 1584 ) (2048 1512 1584 ) (2048 1648 1584 ) 
4 43 69 (2048 1512 1584 ) (2048 1648 1584 ) (2048 1648 1536 ) (2048 1512 1536 ) 
4 44 133 (2048 1248 1536 ) (2048 1248 1584 ) (2048 1384 1584 ) (2048 1384 1536 ) 
4 45 134 (2048 1248 1392 ) (2048 1248 1504 ) (2048 1408 1504 ) (2048 1408 1392 ) 
4 45 104 (2048 1408 1504 ) (2048 1488 1504 ) (2048 1488 1392 ) (2048 1408 1392 ) 
4 45 70 (2048 1488 1504 ) (2048 1648 1504 ) (2048 1648 1392 ) (2048 1488 1392 ) 
4 45 47 (2064 1384 1392 ) (2064 1248 1392 ) (2048 1248 1392 ) (2048 1384 1392 ) 
4 45 46 (2064 1648 1392 ) (2064 1512 1392 ) (2048 1512 1392 ) (2048 1648 1392 ) 
4 46 71 (2048 1512 1392 ) (2048 1648 1392 ) (2048 1648 1344 ) (2048 1512 1344 ) 
4 47 140 (2048 1248 1344 ) (2048 1248 1392 ) (2048 1384 1392 ) (2048 1384 1344 ) 
4 48 73 (2048 1648 1152 ) (2048 1512 1152 ) (2048 1512 1200 ) (2048 1648 1200 ) 
4 48 72 (2048 1512 1200 ) (2048 1512 1312 ) (2048 1648 1312 ) (2048 1648 1200 ) 
4 48 49 (2064 1512 1200 ) (2064 1512 1312 ) (2048 1512 1312 ) (2048 1512 1200 ) 
4 49 72 (2048 1488 1312 ) (2048 1512 1312 ) (2048 1512 1200 ) (2048 1488 1200 ) 
4 49 50 (2064 1488 1200 ) (2064 1488 1312 ) (2048 1488 1312 ) (2048 1488 1200 ) 
4 50 143 (2048 1248 1152 ) (2048 1248 1312 ) (2048 1408 1312 ) (2048 1408 1152 ) 
4 50 105 (2048 1408 1312 ) (2048 1488 1312 ) (2048 1488 1152 ) (2048 1408 1152 ) 
4 51 55 (2080 1224 1920 ) (2304 1224 1920 ) (2304 1224 2080 ) (2080 1224 2080 ) 
4 52 57 (2304 1224 1888 ) (2080 1224 1888 ) (2080 1224 1728 ) (2304 1224 1728 ) 
4 53 58 (2304 1224 1696 ) (2080 1224 1696 ) (2080 1224 1536 ) (2304 1224 1536 ) 
4 54 59 (2080 1224 1344 ) (2304 1224 1344 ) (2304 1224 1504 ) (2080 1224 1504 ) 
4 55 56 (2080 1224 1920 ) (2080 1112 1920 ) (2080 1112 2080 ) (2080 1224 2080 ) 
4 56 174 (2048 1112 1920 ) (2048 1112 2080 ) (2048 1224 2080 ) (2048 1224 1920 ) 
4 57 175 (2048 1112 1728 ) (2048 1112 1888 ) (2048 1224 1888 ) (2048 1224 1728 ) 
4 58 178 (2048 1112 1536 ) (2048 1112 1696 ) (2048 1224 1696 ) (2048 1224 1536 ) 
4 59 180 (2048 1112 1344 ) (2048 1112 1504 ) (2048 1224 1504 ) (2048 1224 1344 ) 
4 60 182 (2048 1112 1152 ) (2048 1112 1312 ) (2048 1224 1312 ) (2048 1224 1152 ) 
4 61 99 (2048 1488 2352 ) (2048 1488 2528 ) (2032 1488 2528 ) (2032 1488 2352 ) 
4 61 74 (2032 1488 2304 ) (2032 1488 2528 ) (2032 1648 2528 ) (2032 1648 2304 ) 
4 62 100 (2048 1488 2160 ) (2048 1488 2272 ) (2032 1488 2272 ) (2032 1488 2160 ) 
4 62 76 (2032 1488 2160 ) (2032 1488 2256 ) (2032 1512 2256 ) (2032 1512 2160 ) 
4 62 75 (2032 1512 2256 ) (2032 1648 2256 ) (2032 1648 2160 ) (2032 1512 2160 ) 
4 62 74 (2032 1488 2256 ) (2032 1488 2272 ) (2032 1648 2272 ) (2032 1648 2256 ) 
4 62 63 (2032 1512 2160 ) (2032 1648 2160 ) (2048 1648 2160 ) (2048 1512 2160 ) 
4 63 75 (2032 1512 2160 ) (2032 1648 2160 ) (2032 1648 2112 ) (2032 1512 2112 ) 
4 64 81 (2032 1648 2064 ) (2032 1648 1920 ) (2032 1512 1920 ) (2032 1512 2064 ) 
4 64 78 (2032 1512 2080 ) (2032 1648 2080 ) (2032 1648 2064 ) (2032 1512 2064 ) 
4 64 65 (2048 1512 1968 ) (2048 1512 2080 ) (2032 1512 2080 ) (2032 1512 1968 ) 
4 65 101 (2048 1488 1968 ) (2048 1488 2080 ) (2032 1488 2080 ) (2032 1488 1968 ) 
4 65 82 (2032 1488 1968 ) (2032 1488 2064 ) (2032 1512 2064 ) (2032 1512 1968 ) 
4 65 78 (2032 1488 2064 ) (2032 1488 2080 ) (2032 1512 2080 ) (2032 1512 2064 ) 
4 66 102 (2048 1488 1776 ) (2048 1488 1888 ) (2032 1488 1888 ) (2032 1488 1776 ) 
4 66 84 (2032 1488 1776 ) (2032 1488 1872 ) (2032 1512 1872 ) (2032 1512 1776 ) 
4 66 83 (2032 1512 1872 ) (2032 1648 1872 ) (2032 1648 1776 ) (2032 1512 1776 ) 
4 66 80 (2032 1488 1872 ) (2032 1488 1888 ) (2032 1648 1888 ) (2032 1648 1872 ) 
4 66 67 (2032 1512 1776 ) (2032 1648 1776 ) (2048 1648 1776 ) (2048 1512 1776 ) 
4 67 83 (2032 1512 1776 ) (2032 1648 1776 ) (2032 1648 1728 ) (2032 1512 1728 ) 
4 68 103 (2048 1488 1584 ) (2048 1488 1696 ) (2032 1488 1696 ) (2032 1488 1584 ) 
4 68 88 (2032 1488 1584 ) (2032 1488 1680 ) (2032 1512 1680 ) (2032 1512 1584 ) 
4 68 87 (2032 1512 1680 ) (2032 1648 1680 ) (2032 1648 1584 ) (2032 1512 1584 ) 
4 68 86 (2032 1488 1680 ) (2032 1488 1696 ) (2032 1648 1696 ) (2032 1648 1680 ) 
4 68 69 (2032 1512 1584 ) (2032 1648 1584 ) (2048 1648 1584 ) (2048 1512 1584 ) 
4 69 87 (2032 1512 1584 ) (2032 1648 1584 ) (2032 1648 1536 ) (2032 1512 1536 ) 
4 70 104 (2048 1488 1392 ) (2048 1488 1504 ) (2032 1488 1504 ) (2032 1488 1392 ) 
4 70 92 (2032 1488 1392 ) (2032 1488 1488 ) (2032 1512 1488 ) (2032 1512 1392 ) 
4 70 91 (2032 1512 1488 ) (2032 1648 1488 ) (2032 1648 1392 ) (2032 1512 1392 ) 
4 70 90 (2032 1488 1488 ) (2032 1488 1504 ) (2032 1648 1504 ) (2032 1648 1488 ) 
4 70 71 (2032 1512 1392 ) (2032 1648 1392 ) (2048 1648 1392 ) (2048 1512 1392 ) 
4 71 91 (2032 1512 1392 ) (2032 1648 1392 ) (2032 1648 1344 ) (2032 1512 1344 ) 
4 72 105 (2048 1488 1200 ) (2048 1488 1312 ) (2032 1488 1312 ) (2032 1488 1200 ) 
4 72 96 (2032 1488 1200 ) (2032 1488 1296 ) (2032 1512 1296 ) (2032 1512 1200 ) 
4 72 95 (2032 1512 1296 ) (2032 1648 1296 ) (2032 1648 1200 ) (2032 1512 1200 ) 
4 72 94 (2032 1488 1296 ) (2032 1488 1312 ) (2032 1648 1312 ) (2032 1648 1296 ) 
4 72 73 (2032 1512 1200 ) (2032 1648 1200 ) (2048 1648 1200 ) (2048 1512 1200 ) 
4 73 95 (2032 1512 1200 ) (2032 1648 1200 ) (2032 1648 1152 ) (2032 1512 1152 ) 
4 74 144 (1824 1488 2256 ) (1824 1488 2528 ) (1824 1648 2528 ) (1824 1648 2256 ) 
4 74 106 (1824 1488 2528 ) (1824 1488 2256 ) (2032 1488 2256 ) (2032 1488 2528 ) 
4 74 76 (2032 1512 2256 ) (2032 1488 2256 ) (1872 1488 2256 ) (1872 1512 2256 ) 
4 74 75 (1824 1648 2256 ) (2032 1648 2256 ) (2032 1512 2256 ) (1824 1512 2256 ) 
4 75 145 (1824 1512 2256 ) (1824 1648 2256 ) (1824 1648 2216 ) (1824 1512 2216 ) 
4 75 77 (1824 1648 2216 ) (1840 1648 2208 ) (1840 1512 2208 ) (1824 1512 2216 ) 
3 75 76 (2032 1512 2160 ) (2032 1512 2256 ) (1872 1512 2256 ) 
3 76 106 (2032 1488 2160 ) (2032 1488 2256 ) (1872 1488 2256 ) 
4 77 145 (1824 1512 2216 ) (1824 1648 2216 ) (1824 1648 2208 ) (1824 1512 2208 ) 
4 78 148 (1824 1488 2064 ) (1824 1488 2176 ) (1824 1648 2176 ) (1824 1648 2064 ) 
5 78 106 (1824 1488 2176 ) (1824 1488 2064 ) (2032 1488 2064 ) (2032 1488 2080 ) (1856 1488 2176 ) 
4 78 82 (2032 1512 2064 ) (2032 1488 2064 ) (1871.998047 1488 2064 ) (1871.998047 1512 2064 ) 
4 78 81 (1824 1648 2064 ) (2032 1648 2064 ) (2032 1512 2064 ) (1824 1512 2064 ) 
4 79 149 (1824 1512 2024 ) (1824 1648 2024 ) (1824 1648 2016 ) (1824 1512 2016 ) 
4 79 81 (1839.998047 1512 2016 ) (1839.998047 1648 2016 ) (1824 1648 2024 ) (1824 1512 2024 ) 
4 80 152 (1824 1488 1872 ) (1824 1488 1984 ) (1824 1648 1984 ) (1824 1648 1872 ) 
5 80 106 (1824 1488 1984 ) (1824 1488 1872 ) (2032 1488 1872 ) (2032 1488 1888 ) (1856 1488 1984 ) 
4 80 84 (2032 1512 1872 ) (2032 1488 1872 ) (1872 1488 1872 ) (1872 1512 1872 ) 
4 80 83 (1824 1648 1872 ) (2032 1648 1872 ) (2032 1512 1872 ) (1824 1512 1872 ) 
4 81 149 (1824 1512 2064 ) (1824 1648 2064 ) (1824 1648 2024 ) (1824 1512 2024 ) 
3 81 82 (2032 1512 1967.998657 ) (2032 1512 2064 ) (1871.998047 1512 2064 ) 
3 82 106 (2032 1488 1967.998779 ) (2032 1488 2064 ) (1871.998047 1488 2064 ) 
4 83 153 (1824 1512 1872 ) (1824 1648 1872 ) (1824 1648 1832 ) (1824 1512 1832 ) 
4 83 85 (1824 1648 1832 ) (1840 1648 1824 ) (1840 1512 1824 ) (1824 1512 1832 ) 
3 83 84 (2032 1512 1776 ) (2032 1512 1872 ) (1872 1512 1872 ) 
3 84 106 (2032 1488 1776 ) (2032 1488 1872 ) (1872 1488 1872 ) 
4 85 153 (1824 1512 1832 ) (1824 1648 1832 ) (1824 1648 1824 ) (1824 1512 1824 ) 
4 86 156 (1824 1488 1680 ) (1824 1488 1792 ) (1824 1648 1792 ) (1824 1648 1680 ) 
5 86 106 (1824 1488 1792 ) (1824 1488 1680 ) (2032 1488 1680 ) (2032 1488 1696 ) (1856 1488 1792 ) 
4 86 88 (2032 1512 1680 ) (2032 1488 1680 ) (1872 1488 1680 ) (1872 1512 1680 ) 
4 86 87 (1824 1648 1680 ) (2032 1648 1680 ) (2032 1512 1680 ) (1824 1512 1680 ) 
4 87 157 (1824 1512 1680 ) (1824 1648 1680 ) (1824 1648 1640 ) (1824 1512 1640 ) 
4 87 89 (1824 1648 1640 ) (1839.998047 1648 1632 ) (1839.998047 1512 1632 ) (1824 1512 1640 ) 
3 87 88 (2032 1512 1584 ) (2032 1512 1680 ) (1872 1512 1680 ) 
3 88 106 (2032 1488 1584 ) (2032 1488 1680 ) (1872 1488 1680 ) 
4 89 157 (1824 1512 1640 ) (1824 1648 1640 ) (1824 1648 1632 ) (1824 1512 1632 ) 
4 90 160 (1824 1488 1488 ) (1824 1488 1600 ) (1824 1648 1600 ) (1824 1648 1488 ) 
5 90 106 (1824 1488 1600 ) (1824 1488 1488 ) (2032 1488 1488 ) (2032 1488 1504 ) (1856 1488 1600 ) 
4 90 92 (2032 1512 1488 ) (2032 1488 1488 ) (1872 1488 1488 ) (1872 1512 1488 ) 
4 90 91 (1824 1648 1488 ) (2032 1648 1488 ) (2032 1512 1488 ) (1824 1512 1488 ) 
4 91 161 (1824 1512 1488 ) (1824 1648 1488 ) (1824 1648 1448 ) (1824 1512 1448 ) 
4 91 93 (1824 1648 1448 ) (1840.001953 1648 1440 ) (1840.001953 1512 1440 ) (1824 1512 1448 ) 
3 91 92 (2032 1512 1392 ) (2032 1512 1488 ) (1872 1512 1488 ) 
3 92 106 (2032 1488 1392 ) (2032 1488 1488 ) (1872 1488 1488 ) 
4 93 161 (1824 1512 1448 ) (1824 1648 1448 ) (1824 1648 1440 ) (1824 1512 1440 ) 
4 94 164 (1824 1488 1296 ) (1824 1488 1408 ) (1824 1648 1408 ) (1824 1648 1296 ) 
4 94 107 (1824 1488 1312 ) (1824 1488 1296 ) (2032 1488 1296 ) (2032 1488 1312 ) 
4 94 106 (1824 1488 1408 ) (1824 1488 1312 ) (2032 1488 1312 ) (1856 1488 1408 ) 
4 94 96 (2032 1512 1296 ) (2032 1488 1296 ) (1872 1488 1296 ) (1872 1512 1296 ) 
4 94 95 (1824 1648 1296 ) (2032 1648 1296 ) (2032 1512 1296 ) (1824 1512 1296 ) 
4 95 165 (1824 1512 1296 ) (1824 1648 1296 ) (1824 1648 1256 ) (1824 1512 1256 ) 
4 95 97 (1824 1648 1256 ) (1840 1648 1248 ) (1840 1512 1248 ) (1824 1512 1256 ) 
3 95 96 (2032 1512 1200 ) (2032 1512 1296 ) (1872 1512 1296 ) 
3 96 107 (2032 1488 1200 ) (2032 1488 1296 ) (1872 1488 1296 ) 
4 97 165 (1824 1512 1256 ) (1824 1648 1256 ) (1824 1648 1248 ) (1824 1512 1248 ) 
4 98 168 (1824 1488 1152 ) (1824 1488 1216 ) (1824 1648 1216 ) (1824 1648 1152 ) 
4 98 107 (1824 1488 1216 ) (1824 1488 1152 ) (1973.333374 1488 1152 ) (1856 1488 1216 ) 
4 99 108 (2048 1408 2352 ) (2048 1408 2528 ) (2032 1408 2528 ) (2032 1408 2352 ) 
4 99 106 (2032 1488 2528 ) (2032 1488 2352 ) (2032 1408 2352 ) (2032 1408 2528 ) 
4 100 110 (2048 1408 2160 ) (2048 1408 2272 ) (2032 1408 2272 ) (2032 1408 2160 ) 
4 100 106 (2032 1488 2272 ) (2032 1488 2160 ) (2032 1408 2160 ) (2032 1408 2272 ) 
4 101 116 (2048 1408 1968 ) (2048 1408 2080 ) (2032 1408 2080 ) (2032 1408 1968 ) 
4 101 106 (2032 1488 2080 ) (2032 1488 1968 ) (2032 1408 1968 ) (2032 1408 2080 ) 
4 102 121 (2048 1408 1776 ) (2048 1408 1888 ) (2032 1408 1888 ) (2032 1408 1776 ) 
4 102 106 (2032 1488 1888 ) (2032 1488 1776 ) (2032 1408 1776 ) (2032 1408 1888 ) 
4 103 128 (2048 1408 1584 ) (2048 1408 1696 ) (2032 1408 1696 ) (2032 1408 1584 ) 
4 103 106 (2032 1488 1696 ) (2032 1488 1584 ) (2032 1408 1584 ) (2032 1408 1696 ) 
4 104 134 (2048 1408 1392 ) (2048 1408 1504 ) (2032 1408 1504 ) (2032 1408 1392 ) 
4 104 106 (2032 1488 1504 ) (2032 1488 1392 ) (2032 1408 1392 ) (2032 1408 1504 ) 
4 105 143 (2048 1408 1152 ) (2048 1408 1312 ) (2032 1408 1312 ) (2032 1408 1152 ) 
4 105 107 (2032 1488 1312 ) (2032 1488 1152 ) (2032 1408 1152 ) (2032 1408 1312 ) 
4 106 164 (1824 1408 1312 ) (1824 1408 1408 ) (1824 1488 1408 ) (1824 1488 1312 ) 
4 106 160 (1824 1408 1488 ) (1824 1408 1600 ) (1824 1488 1600 ) (1824 1488 1488 ) 
4 106 156 (1824 1408 1680 ) (1824 1408 1792 ) (1824 1488 1792 ) (1824 1488 1680 ) 
4 106 152 (1824 1408 1872 ) (1824 1408 1984 ) (1824 1488 1984 ) (1824 1488 1872 ) 
4 106 148 (1824 1408 2064 ) (1824 1408 2176 ) (1824 1488 2176 ) (1824 1488 2064 ) 
4 106 144 (1824 1408 2256 ) (1824 1408 2528 ) (1824 1488 2528 ) (1824 1488 2256 ) 
4 106 141 (1824 1408 1344 ) (1824 1408 1312 ) (1850.666626 1408 1312 ) (1904 1408 1344 ) 
4 106 139 (1824 1408 1392 ) (1824 1408 1344 ) (1904 1408 1344 ) (1984 1408 1392 ) 
5 106 138 (1824 1408 1408 ) (1824 1408 1392 ) (2032 1408 1392 ) (2032 1408 1504 ) (2000 1408 1504 ) 
3 106 135 (1824 1408 1584 ) (1824 1408 1488 ) (1984 1408 1584 ) 
5 106 132 (1824 1408 1600 ) (1824 1408 1584 ) (2032 1408 1584 ) (2032 1408 1696 ) (2000 1408 1696 ) 
3 106 129 (1824 1408 1776 ) (1824 1408 1680 ) (1984 1408 1776 ) 
5 106 126 (1824 1408 1792 ) (1824 1408 1776 ) (2032 1408 1776 ) (2032 1408 1888 ) (2000 1408 1888 ) 
3 106 124 (1824 1408 1920 ) (1824 1408 1872 ) (1904 1408 1920 ) 
4 106 122 (1824 1408 1968 ) (1824 1408 1920 ) (1904 1408 1920 ) (1984 1408 1968 ) 
3 106 118 (1824 1408 2160 ) (1824 1408 2064 ) (1984 1408 2160 ) 
5 106 117 (1824 1408 1984 ) (1824 1408 1968 ) (2032 1408 1968 ) (2032 1408 2080 ) (2000 1408 2080 ) 
5 106 114 (1824 1408 2176 ) (1824 1408 2160 ) (2032 1408 2160 ) (2032 1408 2272 ) (2000 1408 2272 ) 
3 106 111 (1824 1408 2352 ) (1824 1408 2256 ) (1984 1408 2352 ) 
4 106 108 (1824 1408 2528 ) (1824 1408 2352 ) (2032 1408 2352 ) (2032 1408 2528 ) 
4 106 107 (1824 1488 1312 ) (2032 1488 1312 ) (2032 1408 1312 ) (1824 1408 1312 ) 
4 107 168 (1824 1408 1152 ) (1824 1408 1216 ) (1824 1488 1216 ) (1824 1488 1152 ) 
4 107 164 (1824 1408 1296 ) (1824 1408 1312 ) (1824 1488 1312 ) (1824 1488 1296 ) 
5 107 143 (1824 1408 1216 ) (1824 1408 1152 ) (2032 1408 1152 ) (2032 1408 1312 ) (2000 1408 1312 ) 
3 107 141 (1824 1408 1312 ) (1824 1408 1296 ) (1850.666626 1408 1312 ) 
4 108 144 (1824 1248 2352 ) (1824 1248 2528 ) (1824 1408 2528 ) (1824 1408 2352 ) 
4 108 111 (1824 1384 2352 ) (1824 1408 2352 ) (1984 1408 2352 ) (1984 1384 2352 ) 
4 108 112 (2032 1248 2352 ) (1824 1248 2352 ) (1824 1384 2352 ) (2032 1384 2352 ) 
4 108 109 (2048 1248 2352 ) (2032 1248 2352 ) (2032 1384 2352 ) (2048 1384 2352 ) 
4 109 113 (2032 1248 2304 ) (2032 1248 2312 ) (2032 1384 2312 ) (2032 1384 2304 ) 
4 109 112 (2032 1248 2312 ) (2032 1248 2352 ) (2032 1384 2352 ) (2032 1384 2312 ) 
4 110 119 (2048 1248 2160 ) (2032 1248 2160 ) (2032 1384 2160 ) (2048 1384 2160 ) 
4 110 114 (2032 1408 2160 ) (2032 1248 2160 ) (2032 1248 2272 ) (2032 1408 2272 ) 
4 111 144 (1824 1384 2352 ) (1824 1408 2352 ) (1824 1408 2256 ) (1824 1384 2256 ) 
3 111 112 (1984 1384 2352 ) (1824 1384 2352 ) (1824 1384 2256 ) 
4 112 146 (1824 1248 2208 ) (1824 1248 2256 ) (1824 1384 2256 ) (1824 1384 2208 ) 
4 112 144 (1824 1248 2256 ) (1824 1248 2352 ) (1824 1384 2352 ) (1824 1384 2256 ) 
4 112 113 (2016 1384 2304 ) (2032 1384 2312 ) (2032 1248 2312 ) (2016 1248 2304 ) 
4 114 148 (1824 1248 2160 ) (1824 1248 2176 ) (1824 1408 2176 ) (1824 1408 2160 ) 
4 114 118 (1824 1384 2160 ) (1824 1408 2160 ) (1984 1408 2160 ) (1984 1384 2160 ) 
4 114 119 (2032 1248 2160 ) (1824 1248 2160 ) (1824 1384 2160 ) (2032 1384 2160 ) 
4 115 119 (2016 1384 2112 ) (2016 1248 2112 ) (2048 1248 2128 ) (2048 1384 2128 ) 
4 116 120 (2048 1248 1968 ) (2032 1248 1968 ) (2032 1384 1968 ) (2048 1384 1968 ) 
4 116 117 (2032 1408 1968 ) (2032 1248 1968 ) (2032 1248 2080 ) (2032 1408 2080 ) 
4 117 152 (1824 1248 1968 ) (1824 1248 1984 ) (1824 1408 1984 ) (1824 1408 1968 ) 
4 117 122 (1824 1384 1968 ) (1824 1408 1968 ) (1984 1408 1968 ) (1984 1384 1968 ) 
4 117 123 (2032 1248 1968 ) (1824 1248 1968 ) (1824 1384 1968 ) (2032 1384 1968 ) 
4 118 148 (1824 1384 2160 ) (1824 1408 2160 ) (1824 1408 2064 ) (1824 1384 2064 ) 
3 118 119 (1984 1384 2160 ) (1824 1384 2160 ) (1824 1384 2064 ) 
4 119 150 (1824 1248 2016 ) (1824 1248 2064 ) (1824 1384 2064 ) (1824 1384 2016 ) 
4 119 148 (1824 1248 2064 ) (1824 1248 2160 ) (1824 1384 2160 ) (1824 1384 2064 ) 
4 120 123 (2032 1248 1920 ) (2032 1248 1968 ) (2032 1384 1968 ) (2032 1384 1920 ) 
4 121 127 (2048 1248 1776 ) (2032 1248 1776 ) (2032 1384 1776 ) (2048 1384 1776 ) 
4 121 126 (2032 1408 1776 ) (2032 1248 1776 ) (2032 1248 1888 ) (2032 1408 1888 ) 
4 122 152 (1824 1384 1968 ) (1824 1408 1968 ) (1824 1408 1920 ) (1824 1384 1920 ) 
4 122 124 (1824 1384 1920 ) (1824 1408 1920 ) (1904 1408 1920 ) (1904 1384 1920 ) 
4 122 123 (1824 1384 1920 ) (1904 1384 1920 ) (1984 1384 1968 ) (1824 1384 1968 ) 
4 123 152 (1824 1248 1920 ) (1824 1248 1968 ) (1824 1384 1968 ) (1824 1384 1920 ) 
4 123 125 (1824 1248 1920 ) (1824 1384 1920 ) (2016 1384 1920 ) (2016 1248 1920 ) 
4 124 152 (1824 1384 1920 ) (1824 1408 1920 ) (1824 1408 1872 ) (1824 1384 1872 ) 
3 124 125 (1904 1384 1920 ) (1824 1384 1920 ) (1824 1384 1872 ) 
4 125 154 (1824 1248 1824 ) (1824 1248 1872 ) (1824 1384 1872 ) (1824 1384 1824 ) 
4 125 152 (1824 1248 1872 ) (1824 1248 1920 ) (1824 1384 1920 ) (1824 1384 1872 ) 
4 126 156 (1824 1248 1776 ) (1824 1248 1792 ) (1824 1408 1792 ) (1824 1408 1776 ) 
4 126 129 (1824 1384 1776 ) (1824 1408 1776 ) (1984 1408 1776 ) (1984 1384 1776 ) 
4 126 130 (2032 1248 1776 ) (1824 1248 1776 ) (1824 1384 1776 ) (2032 1384 1776 ) 
4 127 131 (2032 1248 1728 ) (2032 1248 1736 ) (2032 1384 1736 ) (2032 1384 1728 ) 
4 127 130 (2032 1248 1736 ) (2032 1248 1776 ) (2032 1384 1776 ) (2032 1384 1736 ) 
4 128 133 (2048 1248 1584 ) (2032 1248 1584 ) (2032 1384 1584 ) (2048 1384 1584 ) 
4 128 132 (2032 1408 1584 ) (2032 1248 1584 ) (2032 1248 1696 ) (2032 1408 1696 ) 
4 129 156 (1824 1384 1776 ) (1824 1408 1776 ) (1824 1408 1680 ) (1824 1384 1680 ) 
3 129 130 (1984 1384 1776 ) (1824 1384 1776 ) (1824 1384 1680 ) 
4 130 158 (1824 1248 1632 ) (1824 1248 1680 ) (1824 1384 1680 ) (1824 1384 1632 ) 
4 130 156 (1824 1248 1680 ) (1824 1248 1776 ) (1824 1384 1776 ) (1824 1384 1680 ) 
4 130 131 (2016.001953 1384 1728 ) (2032 1384 1736 ) (2032 1248 1736 ) (2016.001953 1248 1728 ) 
4 132 160 (1824 1248 1584 ) (1824 1248 1600 ) (1824 1408 1600 ) (1824 1408 1584 ) 
4 132 135 (1824 1384 1584 ) (1824 1408 1584 ) (1984 1408 1584 ) (1984 1384 1584 ) 
4 132 136 (2032 1248 1584 ) (1824 1248 1584 ) (1824 1384 1584 ) (2032 1384 1584 ) 
4 133 137 (2032 1248 1536 ) (2032 1248 1544 ) (2032 1384 1544 ) (2032 1384 1536 ) 
4 133 136 (2032 1248 1544 ) (2032 1248 1584 ) (2032 1384 1584 ) (2032 1384 1544 ) 
4 134 140 (2048 1248 1392 ) (2032 1248 1392 ) (2032 1384 1392 ) (2048 1384 1392 ) 
4 134 138 (2032 1408 1392 ) (2032 1248 1392 ) (2032 1248 1504 ) (2032 1408 1504 ) 
4 135 160 (1824 1384 1584 ) (1824 1408 1584 ) (1824 1408 1488 ) (1824 1384 1488 ) 
3 135 136 (1984 1384 1584 ) (1824 1384 1584 ) (1824 1384 1488 ) 
4 136 162 (1824 1248 1440 ) (1824 1248 1488 ) (1824 1384 1488 ) (1824 1384 1440 ) 
4 136 160 (1824 1248 1488 ) (1824 1248 1584 ) (1824 1384 1584 ) (1824 1384 1488 ) 
4 136 137 (2015.998047 1384 1536 ) (2032 1384 1544 ) (2032 1248 1544 ) (2015.998047 1248 1536 ) 
4 138 164 (1824 1248 1392 ) (1824 1248 1408 ) (1824 1408 1408 ) (1824 1408 1392 ) 
4 138 139 (1824 1384 1392 ) (1824 1408 1392 ) (1984 1408 1392 ) (1984 1384 1392 ) 
4 138 140 (2032 1248 1392 ) (1824 1248 1392 ) (1824 1384 1392 ) (2032 1384 1392 ) 
4 139 164 (1824 1384 1392 ) (1824 1408 1392 ) (1824 1408 1344 ) (1824 1384 1344 ) 
4 139 141 (1824 1384 1344 ) (1824 1408 1344 ) (1904 1408 1344 ) (1904 1384 1344 ) 
4 139 140 (1824 1384 1344 ) (1904 1384 1344 ) (1984 1384 1392 ) (1824 1384 1392 ) 
4 140 164 (1824 1248 1344 ) (1824 1248 1392 ) (1824 1384 1392 ) (1824 1384 1344 ) 
4 140 142 (2016 1248 1344 ) (1824 1248 1344 ) (1824 1384 1344 ) (2016 1384 1344 ) 
4 141 164 (1824 1384 1344 ) (1824 1408 1344 ) (1824 1408 1296 ) (1824 1384 1296 ) 
3 141 142 (1904 1384 1344 ) (1824 1384 1344 ) (1824 1384 1296 ) 
4 142 166 (1824 1248 1248 ) (1824 1248 1296 ) (1824 1384 1296 ) (1824 1384 1248 ) 
4 142 164 (1824 1248 1296 ) (1824 1248 1344 ) (1824 1384 1344 ) (1824 1384 1296 ) 
4 143 168 (1824 1248 1152 ) (1824 1248 1216 ) (1824 1408 1216 ) (1824 1408 1152 ) 
4 144 146 (1824 1384 2256 ) (1824 1248 2256 ) (1792 1248 2256 ) (1792 1384 2256 ) 
4 144 145 (1792 1648 2256 ) (1824 1648 2256 ) (1824 1512 2256 ) (1792 1512 2256 ) 
4 144 147 (1672 1248 2256 ) (1672 1648 2256 ) (1792 1648 2256 ) (1792 1248 2256 ) 
4 145 147 (1792 1648 2208 ) (1792 1512 2208 ) (1792 1512 2256 ) (1792 1648 2256 ) 
4 146 147 (1792 1384 2208 ) (1792 1248 2208 ) (1792 1248 2256 ) (1792 1384 2256 ) 
4 148 150 (1824 1384 2064 ) (1824 1248 2064 ) (1792 1248 2064 ) (1792 1384 2064 ) 
4 148 149 (1792 1648 2064 ) (1824 1648 2064 ) (1824 1512 2064 ) (1792 1512 2064 ) 
4 148 151 (1672 1248 2064 ) (1672 1648 2064 ) (1792 1648 2064 ) (1792 1248 2064 ) 
4 149 151 (1792 1648 2016 ) (1792 1512 2016 ) (1792 1512 2064 ) (1792 1648 2064 ) 
4 150 151 (1792 1384 2016 ) (1792 1248 2016 ) (1792 1248 2064 ) (1792 1384 2064 ) 
4 152 154 (1824 1384 1872 ) (1824 1248 1872 ) (1792 1248 1872 ) (1792 1384 1872 ) 
4 152 153 (1792 1648 1872 ) (1824 1648 1872 ) (1824 1512 1872 ) (1792 1512 1872 ) 
4 152 155 (1672 1248 1872 ) (1672 1648 1872 ) (1792 1648 1872 ) (1792 1248 1872 ) 
4 153 155 (1792 1648 1824 ) (1792 1512 1824 ) (1792 1512 1872 ) (1792 1648 1872 ) 
4 154 155 (1792 1384 1824 ) (1792 1248 1824 ) (1792 1248 1872 ) (1792 1384 1872 ) 
4 156 158 (1824 1384 1680 ) (1824 1248 1680 ) (1792 1248 1680 ) (1792 1384 1680 ) 
4 156 157 (1792 1648 1680 ) (1824 1648 1680 ) (1824 1512 1680 ) (1792 1512 1680 ) 
4 156 159 (1672 1248 1680 ) (1672 1648 1680 ) (1792 1648 1680 ) (1792 1248 1680 ) 
4 157 159 (1792 1648 1632 ) (1792 1512 1632 ) (1792 1512 1680 ) (1792 1648 1680 ) 
4 158 159 (1792 1384 1632 ) (1792 1248 1632 ) (1792 1248 1680 ) (1792 1384 1680 ) 
4 160 162 (1824 1384 1488 ) (1824 1248 1488 ) (1792 1248 1488 ) (1792 1384 1488 ) 
4 160 161 (1792 1648 1488 ) (1824 1648 1488 ) (1824 1512 1488 ) (1792 1512 1488 ) 
4 160 163 (1672 1248 1488 ) (1672 1648 1488 ) (1792 1648 1488 ) (1792 1248 1488 ) 
4 161 163 (1792 1648 1440 ) (1792 1512 1440 ) (1792 1512 1488 ) (1792 1648 1488 ) 
4 162 163 (1792 1384 1440 ) (1792 1248 1440 ) (1792 1248 1488 ) (1792 1384 1488 ) 
4 164 166 (1824 1384 1296 ) (1824 1248 1296 ) (1792 1248 1296 ) (1792 1384 1296 ) 
4 164 165 (1792 1648 1296 ) (1824 1648 1296 ) (1824 1512 1296 ) (1792 1512 1296 ) 
4 164 167 (1672 1248 1296 ) (1672 1648 1296 ) (1792 1648 1296 ) (1792 1248 1296 ) 
4 165 167 (1792 1648 1248 ) (1792 1512 1248 ) (1792 1512 1296 ) (1792 1648 1296 ) 
4 166 167 (1792 1384 1248 ) (1792 1248 1248 ) (1792 1248 1296 ) (1792 1384 1296 ) 
4 169 170 (1270 1552 1940 ) (1270 1552 2018 ) (1226 1552 2018 ) (1226 1552 1940 ) 
4 170 171 (1456 1248 1920 ) (1456 1248 2048 ) (1040 1248 2048 ) (1040 1248 1920 ) 
4 171 172 (1279 1232 2028 ) (1231 1232 2028 ) (1231 1232 1920 ) (1279 1232 1920 ) 
4 172 173 (1231 1224.500000 2028 ) (1231 1224.500000 1920 ) (1279 1224.500000 1920 ) (1279 1224.500000 2028 ) 
4 173 176 (1231 1224 1920 ) (1279 1224 1920 ) (1279 1224 2028 ) (1231 1224 2028 ) 
4 174 176 (2032 1112 2080 ) (2032 1224 2080 ) (2032 1224 1920 ) (2032 1112 1920 ) 
4 175 177 (2032 1224 1728 ) (2032 1112 1728 ) (2032 1112 1888 ) (2032 1224 1888 ) 
4 176 184 (1168 1104 2080 ) (1168 1104 1968 ) (2032 1104 1968 ) (2032 1104 2080 ) 
4 177 185 (1168 1104 1888 ) (1168 1104 1776 ) (2032 1104 1776 ) (2032 1104 1888 ) 
4 178 179 (2032 1224 1536 ) (2032 1112 1536 ) (2032 1112 1696 ) (2032 1224 1696 ) 
4 179 186 (1168 1104 1696 ) (1168 1104 1584 ) (2032 1104 1584 ) (2032 1104 1696 ) 
4 180 181 (2032 1112 1504 ) (2032 1224 1504 ) (2032 1224 1344 ) (2032 1112 1344 ) 
4 181 187 (1168 1104 1504 ) (1168 1104 1392 ) (2032 1104 1392 ) (2032 1104 1504 ) 
4 182 183 (2032 1224 1152 ) (2032 1112 1152 ) (2032 1112 1312 ) (2032 1224 1312 ) 
4 183 188 (1168 1104 1312 ) (1168 1104 1152 ) (2032 1104 1152 ) (2032 1104 1312 ) 
4 184 189 (1168 1088 2080 ) (1168 1088 1968 ) (2032 1088 1968 ) (2032 1088 2080 ) 
4 185 189 (1168 1088 1888 ) (1168 1088 1776 ) (2032 1088 1776 ) (2032 1088 1888 ) 
4 186 189 (1168 1088 1696 ) (1168 1088 1584 ) (2032 1088 1584 ) (2032 1088 1696 ) 
4 187 189 (1168 1088 1504 ) (1168 1088 1392 ) (2032 1088 1392 ) (2032 1088 1504 ) 
4 188 189 (1168 1088 1312 ) (1168 1088 1152 ) (2032 1088 1152 ) (2032 1088 1312 ) 
4 189 190 (2032 1024 1152 ) (2032 1024 2080 ) (1168 1024 2080 ) (1168 1024 1152 ) 
