


materialPath: D:\SteamLibrary\steamapps\common\Source SDK Base 2013 Multiplayer\firegame\materials
Loading c:\users\stdpi\documents\firemap\firemap\instances\skybox.vmf
fixing up env_cubemap materials on brush sides...
0...1...2...3...4...5...6...7...8...9...100...1...2...3...4...5...6...7...8...9...10Processing areas...done (0)
Building Faces...done (0)
Error! Entity sky_camera in solid volume! at -32.0 -32.0 -450.0



materialPath: D:\SteamLibrary\steamapps\common\Source SDK Base 2013 Multiplayer\firegame\materials
Loading c:\users\stdpi\documents\firemap\firemap\instances\skybox.vmf
fixing up env_cubemap materials on brush sides...
0...1...2...3...4...5...6...7...8...9...100...1...2...3...4...5...6...7...8...9...10Processing areas...done (0)
Building Faces...done (0)
FixTjuncs...
PruneNodes...
WriteBSP...
done (0)
writing c:\users\stdpi\documents\firemap\firemap\instances\skybox.prt...Building visibility clusters...
done (0)
Finding displacement neighbors...
Finding lightmap sample positions...
Displacement Alpha : 0...1...2...3...4...5...6...7...8...9...10
Building Physics collision data...
done (0) (4799 bytes)
Placing static props...
Placing detail props : 0...1...2...3...4...5...6...7...8...9...10
Compacting texture/material tables...
Reduced 8 texinfos to 3
Reduced 2 texdatas to 2 (47 bytes to 47)
Writing c:\users\stdpi\documents\firemap\firemap\instances\skybox.bsp
MSG_FILEWRITE - Filesystem was asked to write to 'c:\users\stdpi\documents\firemap\firemap\instances\skybox.bsp', but we don't own that location. Allowing.
0 seconds elapsed



8 threads
reading c:\users\stdpi\documents\firemap\firemap\instances\skybox.bsp
reading c:\users\stdpi\documents\firemap\firemap\instances\skybox.prt
   4 portalclusters
   4 numportals
0...1...2...3...4...5...6...7...8...9...10Optimized: 0 visible clusters (0.00%)
Total clusters visible: 16
Average clusters visible: 4
Building PAS...
Average clusters audible: 4
visdatasize:44  compressed from 64
writing c:\users\stdpi\documents\firemap\firemap\instances\skybox.bsp
MSG_FILEWRITE - Filesystem was asked to write to 'c:\users\stdpi\documents\firemap\firemap\instances\skybox.bsp', but we don't own that location. Allowing.
0 seconds elapsed



Could not find lights.rad in lights.rad.
Trying VRAD BIN directory instead...
[Reading texlights from 'D:\SteamLibrary\steamapps\common\Source SDK Base 2013 Multiplayer\bin\lights.rad']
[45 texlights parsed from 'D:\SteamLibrary\steamapps\common\Source SDK Base 2013 Multiplayer\bin\lights.rad']

Loading c:\users\stdpi\documents\firemap\firemap\instances\skybox.bsp
24 faces
40049 square feet [5767168.00 square inches]
0 Displacements
0 Square Feet [0.00 Square Inches]
24 patches before subdivision
152 patches after subdivision
0 direct lights
0...1...2...3...4...5...6...7...8...9...100...1...2...3...4...5...6...7...8...9...10transfers 262, max 24
transfer lists:   0.0 megs
0...1...2...3...4...5...6...7...8...9...10	Bounce #1 added RGB(0, 0, 0)
Build Patch/Sample Hash Table(s).....Done<0.0000 sec>
0...1...2...3...4...5...6...7...8...9...10FinalLightFace Done
0 of 0 (0% of) surface lights went in leaf ambient cubes.
0...1...2...3...4...5...6...7...8...9...10Writing leaf ambient...done
Ready to Finish

Object names       Objects/Maxobjs  Memory / Maxmem  Fullness 
------------       ---------------  ---------------  -------- 
models                   1/1024           48/49152    ( 0.1%) 
brushes                 14/8192          168/98304    ( 0.2%) 
brushsides              84/65536         672/524288   ( 0.1%) 
planes                  48/65536         960/1310720  ( 0.1%) 
vertexes                54/65536         648/786432   ( 0.1%) 
nodes                   27/65536         864/2097152  ( 0.0%) 
texinfos                 3/12288         216/884736   ( 0.0%) 
texdata                  2/2048           64/65536    ( 0.1%) 
dispinfos                0/0               0/0        ( 0.0%) 
disp_verts               0/0               0/0        ( 0.0%) 
disp_tris                0/0               0/0        ( 0.0%) 
disp_lmsamples           0/0               0/0        ( 0.0%) 
faces                   24/65536        1344/3670016  ( 0.0%) 
hdr faces                0/65536           0/3670016  ( 0.0%) 
origfaces               13/65536         728/3670016  ( 0.0%) 
leaves                  29/65536         928/2097152  ( 0.0%) 
leaffaces               24/65536          48/131072   ( 0.0%) 
leafbrushes             28/65536          56/131072   ( 0.0%) 
areas                    2/256            16/2048     ( 0.8%) 
surfedges              156/512000        624/2048000  ( 0.0%) 
edges                   95/256000        380/1024000  ( 0.0%) 
LDR worldlights          0/65536           0/5767168  ( 0.0%) 
HDR worldlights          0/65536           0/5767168  ( 0.0%) 
leafwaterdata            0/32768           0/393216   ( 0.0%) 
waterstrips              0/32768           0/327680   ( 0.0%) 
waterverts               0/65536           0/786432   ( 0.0%) 
waterindices             0/65536           0/131072   ( 0.0%) 
cubemapsamples           0/1024            0/16384    ( 0.0%) 
overlays                 0/8192            0/2883584  ( 0.0%) 
LDR lightdata         [variable]       21376/0        ( 0.0%) 
HDR lightdata         [variable]           0/0        ( 0.0%) 
visdata               [variable]          44/16777216 ( 0.0%) 
entdata               [variable]         604/393216   ( 0.2%) 
LDR ambient table       29/65536         116/262144   ( 0.0%) 
HDR ambient table       29/65536         116/262144   ( 0.0%) 
LDR leaf ambient         4/65536         112/1835008  ( 0.0%) 
HDR leaf ambient        29/65536         812/1835008  ( 0.0%) 
occluders                0/0               0/0        ( 0.0%) 
occluder polygons        0/0               0/0        ( 0.0%) 
occluder vert ind        0/0               0/0        ( 0.0%) 
detail props          [variable]           1/12       ( 8.3%) 
static props          [variable]           1/1188     ( 0.1%) 
pakfile               [variable]          54/0        ( 0.0%) 
physics               [variable]        4799/4194304  ( 0.1%) 
physics terrain       [variable]           2/1048576  ( 0.0%) 

Level flags = 0

Total triangle count: 56
Writing c:\users\stdpi\documents\firemap\firemap\instances\skybox.bsp
MSG_FILEWRITE - Filesystem was asked to write to 'c:\users\stdpi\documents\firemap\firemap\instances\skybox.bsp', but we don't own that location. Allowing.
0 seconds elapsed



materialPath: D:\SteamLibrary\steamapps\common\Source SDK Base 2013 Multiplayer\firegame\materials
Loading c:\users\stdpi\documents\firemap\firemap\instances\skybox.vmf
***need to set $abovewater for material dev/dev_water2_cheap
***need to set $abovewater for material dev/dev_water2_cheap
fixing up env_cubemap materials on brush sides...
0...1...2...3...4...5...6...7...8...9...10**** leaked ****
Entity prop_static (128.00 -64.00 -376.00) leaked!
--- MAP LEAKED ---



8 threads
reading c:\users\stdpi\documents\firemap\firemap\instances\skybox.bsp
reading c:\users\stdpi\documents\firemap\firemap\instances\skybox.prt
LoadPortals: couldn't read c:\users\stdpi\documents\firemap\firemap\instances\skybox.prt



materialPath: D:\SteamLibrary\steamapps\common\Source SDK Base 2013 Multiplayer\firegame\materials
Loading c:\users\stdpi\documents\firemap\firemap\instances\skybox.vmf
***need to set $abovewater for material dev/dev_water2_cheap
***need to set $abovewater for material dev/dev_water2_cheap
fixing up env_cubemap materials on brush sides...
0...1...2...3...4...5...6...7...8...9...10**** leaked ****
Entity prop_static (128.00 -64.00 -376.00) leaked!
--- MAP LEAKED ---



8 threads
reading c:\users\stdpi\documents\firemap\firemap\instances\skybox.bsp
reading c:\users\stdpi\documents\firemap\firemap\instances\skybox.prt
LoadPortals: couldn't read c:\users\stdpi\documents\firemap\firemap\instances\skybox.prt



materialPath: D:\SteamLibrary\steamapps\common\Source SDK Base 2013 Multiplayer\firegame\materials
Loading c:\users\stdpi\documents\firemap\firemap\instances\skybox.vmf
***need to set $abovewater for material dev/dev_water2_cheap
***need to set $abovewater for material dev/dev_water2_cheap
fixing up env_cubemap materials on brush sides...
0...1...2...3...4...5...6...7...8...9...10**** leaked ****
Entity sky_camera (-32.00 -32.00 -447.00) leaked!
--- MAP LEAKED ---



8 threads
reading c:\users\stdpi\documents\firemap\firemap\instances\skybox.bsp
reading c:\users\stdpi\documents\firemap\firemap\instances\skybox.prt
LoadPortals: couldn't read c:\users\stdpi\documents\firemap\firemap\instances\skybox.prt



materialPath: D:\SteamLibrary\steamapps\common\Source SDK Base 2013 Multiplayer\firegame\materials
Loading c:\users\stdpi\documents\firemap\firemap\instances\skybox.vmf
***need to set $abovewater for material dev/dev_water2_cheap
***need to set $abovewater for material dev/dev_water2_cheap
fixing up env_cubemap materials on brush sides...
0...1...2...3...4...5...6...7...8...9...10**** leaked ****
Entity prop_static (128.00 -64.00 -376.00) leaked!
--- MAP LEAKED ---



8 threads
reading c:\users\stdpi\documents\firemap\firemap\instances\skybox.bsp
reading c:\users\stdpi\documents\firemap\firemap\instances\skybox.prt
LoadPortals: couldn't read c:\users\stdpi\documents\firemap\firemap\instances\skybox.prt



materialPath: D:\SteamLibrary\steamapps\common\Source SDK Base 2013 Multiplayer\firegame\materials
Loading c:\users\stdpi\documents\firemap\firemap\instances\skybox.vmf
***need to set $abovewater for material dev/dev_water2_cheap
***need to set $abovewater for material dev/dev_water2_cheap
fixing up env_cubemap materials on brush sides...
0...1...2...3...4...5...6...7...8...9...10**** leaked ****
Entity prop_static (128.00 -64.00 -376.00) leaked!
--- MAP LEAKED ---



8 threads
reading c:\users\stdpi\documents\firemap\firemap\instances\skybox.bsp
reading c:\users\stdpi\documents\firemap\firemap\instances\skybox.prt
LoadPortals: couldn't read c:\users\stdpi\documents\firemap\firemap\instances\skybox.prt



materialPath: D:\SteamLibrary\steamapps\common\Source SDK Base 2013 Multiplayer\firegame\materials
Loading c:\users\stdpi\documents\firemap\firemap\instances\skybox.vmf
***need to set $abovewater for material dev/dev_water2_cheap
***need to set $abovewater for material dev/dev_water2_cheap
fixing up env_cubemap materials on brush sides...
0...1...2...3...4...5...6...7...8...9...100...1...2...3...4...5...6...7...8...9...10Processing areas...done (0)
Building Faces...done (0)
FixTjuncs...
PruneNodes...
WriteBSP...
done (0)
writing c:\users\stdpi\documents\firemap\firemap\instances\skybox.prt...Building visibility clusters...
done (0)
Finding displacement neighbors...
Finding lightmap sample positions...
Displacement Alpha : 0...1...2...3...4...5...6...7...8...9...10
Building Physics collision data...
done (0) (5970 bytes)
Placing static props...
Placing detail props : 0...1...2...3...4...5...6...7...8...9...10
Water found with no water_lod_control entity, creating a default one.
Compacting texture/material tables...
Reduced 21 texinfos to 9
Reduced 6 texdatas to 5 (136 bytes to 94)
Writing c:\users\stdpi\documents\firemap\firemap\instances\skybox.bsp
MSG_FILEWRITE - Filesystem was asked to write to 'c:\users\stdpi\documents\firemap\firemap\instances\skybox.bsp', but we don't own that location. Allowing.
0 seconds elapsed



8 threads
reading c:\users\stdpi\documents\firemap\firemap\instances\skybox.bsp
reading c:\users\stdpi\documents\firemap\firemap\instances\skybox.prt
   1 portalclusters
   0 numportals
0...1...2...3...4...5...6...7...8...9...100...1...2...3...4...5...6...7...8...9...10Optimized: 0 visible clusters (0.00%)
Total clusters visible: 1
Average clusters visible: 1
Building PAS...
Average clusters audible: 1
visdatasize:14  compressed from 16
writing c:\users\stdpi\documents\firemap\firemap\instances\skybox.bsp
MSG_FILEWRITE - Filesystem was asked to write to 'c:\users\stdpi\documents\firemap\firemap\instances\skybox.bsp', but we don't own that location. Allowing.
0 seconds elapsed



Could not find lights.rad in lights.rad.
Trying VRAD BIN directory instead...
Warning: Couldn't open texlight file D:\SteamLibrary\steamapps\common\Source SDK Base 2013 Multiplayer\bin\lights.rad.
Loading c:\users\stdpi\documents\firemap\firemap\instances\skybox.bsp
42 faces
40924 square feet [5893120.00 square inches]
0 Displacements
0 Square Feet [0.00 Square Inches]
42 patches before subdivision
896 patches after subdivision
0 direct lights
0...1...2...3...4...5...6...7...8...9...100...1...2...3...4...5...6...7...8...9...10transfers 6998, max 129
transfer lists:   0.1 megs
0...1...2...3...4...5...6...7...8...9...10	Bounce #1 added RGB(0, 0, 0)
Build Patch/Sample Hash Table(s).....Done<0.0002 sec>
0...1...2...3...4...5...6...7...8...9...10FinalLightFace Done
0 of 0 (0% of) surface lights went in leaf ambient cubes.
0...1...2...3...4...5...6...7...8...9...10Writing leaf ambient...done
Ready to Finish

Object names       Objects/Maxobjs  Memory / Maxmem  Fullness 
------------       ---------------  ---------------  -------- 
models                   1/1024           48/49152    ( 0.1%) 
brushes                 16/8192          192/98304    ( 0.2%) 
brushsides              96/65536         768/524288   ( 0.1%) 
planes                  58/65536        1160/1310720  ( 0.1%) 
vertexes                80/65536         960/786432   ( 0.1%) 
nodes                   35/65536        1120/2097152  ( 0.1%) 
texinfos                 9/12288         648/884736   ( 0.1%) 
texdata                  5/2048          160/65536    ( 0.2%) 
dispinfos                0/0               0/0        ( 0.0%) 
disp_verts               0/0               0/0        ( 0.0%) 
disp_tris                0/0               0/0        ( 0.0%) 
disp_lmsamples           0/0               0/0        ( 0.0%) 
faces                   42/65536        2352/3670016  ( 0.1%) 
hdr faces                0/65536           0/3670016  ( 0.0%) 
origfaces               20/65536        1120/3670016  ( 0.0%) 
leaves                  37/65536        1184/2097152  ( 0.1%) 
leaffaces               42/65536          84/131072   ( 0.1%) 
leafbrushes             32/65536          64/131072   ( 0.0%) 
areas                    2/256            16/2048     ( 0.8%) 
surfedges              266/512000       1064/2048000  ( 0.1%) 
edges                  167/256000        668/1024000  ( 0.1%) 
LDR worldlights          0/65536           0/5767168  ( 0.0%) 
HDR worldlights          0/65536           0/5767168  ( 0.0%) 
leafwaterdata            1/32768          12/393216   ( 0.0%) 
waterstrips              1/32768          10/327680   ( 0.0%) 
waterverts               0/65536           0/786432   ( 0.0%) 
waterindices            12/65536          24/131072   ( 0.0%) 
cubemapsamples           0/1024            0/16384    ( 0.0%) 
overlays                 0/8192            0/2883584  ( 0.0%) 
LDR lightdata         [variable]       78008/0        ( 0.0%) 
HDR lightdata         [variable]           0/0        ( 0.0%) 
visdata               [variable]          14/16777216 ( 0.0%) 
entdata               [variable]         702/393216   ( 0.2%) 
LDR ambient table       37/65536         148/262144   ( 0.1%) 
HDR ambient table       37/65536         148/262144   ( 0.1%) 
LDR leaf ambient         6/65536         168/1835008  ( 0.0%) 
HDR leaf ambient        37/65536        1036/1835008  ( 0.1%) 
occluders                0/0               0/0        ( 0.0%) 
occluder polygons        0/0               0/0        ( 0.0%) 
occluder vert ind        0/0               0/0        ( 0.0%) 
detail props          [variable]           1/12       ( 8.3%) 
static props          [variable]           1/864      ( 0.1%) 
pakfile               [variable]         347/0        ( 0.0%) 
physics               [variable]        5970/4194304  ( 0.1%) 
physics terrain       [variable]           2/1048576  ( 0.0%) 

Level flags = 0

Total triangle count: 102
Writing c:\users\stdpi\documents\firemap\firemap\instances\skybox.bsp
MSG_FILEWRITE - Filesystem was asked to write to 'c:\users\stdpi\documents\firemap\firemap\instances\skybox.bsp', but we don't own that location. Allowing.
0 seconds elapsed



Could not find lights.rad in lights.rad.
Trying VRAD BIN directory instead...
Warning: Couldn't open texlight file D:\SteamLibrary\steamapps\common\Source SDK Base 2013 Multiplayer\bin\lights.rad.
Loading c:\users\stdpi\documents\firemap\firemap\instances\skybox.bsp
42 faces
40924 square feet [5893120.00 square inches]
0 Displacements
0 Square Feet [0.00 Square Inches]
42 patches before subdivision
896 patches after subdivision
0 direct lights
0...1...2...3...4...5...6...7...8...9...100...1...2...3...4...5...6...7...8...9...10transfers 6998, max 129
transfer lists:   0.1 megs
0...1...2...3...4...5...6...7...8...9...10	Bounce #1 added RGB(0, 0, 0)
Build Patch/Sample Hash Table(s).....Done<0.0002 sec>
0...1...2...3...4...5...6...7...8...9...10FinalLightFace Done
0 of 0 (0% of) surface lights went in leaf ambient cubes.
0...1...2...3...4...5...6...7...8...9...10Writing leaf ambient...done
Ready to Finish

Object names       Objects/Maxobjs  Memory / Maxmem  Fullness 
------------       ---------------  ---------------  -------- 
models                   1/1024           48/49152    ( 0.1%) 
brushes                 16/8192          192/98304    ( 0.2%) 
brushsides              96/65536         768/524288   ( 0.1%) 
planes                  58/65536        1160/1310720  ( 0.1%) 
vertexes                80/65536         960/786432   ( 0.1%) 
nodes                   35/65536        1120/2097152  ( 0.1%) 
texinfos                 9/12288         648/884736   ( 0.1%) 
texdata                  5/2048          160/65536    ( 0.2%) 
dispinfos                0/0               0/0        ( 0.0%) 
disp_verts               0/0               0/0        ( 0.0%) 
disp_tris                0/0               0/0        ( 0.0%) 
disp_lmsamples           0/0               0/0        ( 0.0%) 
faces                   42/65536        2352/3670016  ( 0.1%) 
hdr faces               42/65536        2352/3670016  ( 0.1%) 
origfaces               20/65536        1120/3670016  ( 0.0%) 
leaves                  37/65536        1184/2097152  ( 0.1%) 
leaffaces               42/65536          84/131072   ( 0.1%) 
leafbrushes             32/65536          64/131072   ( 0.0%) 
areas                    2/256            16/2048     ( 0.8%) 
surfedges              266/512000       1064/2048000  ( 0.1%) 
edges                  167/256000        668/1024000  ( 0.1%) 
LDR worldlights          0/65536           0/5767168  ( 0.0%) 
HDR worldlights          0/65536           0/5767168  ( 0.0%) 
leafwaterdata            1/32768          12/393216   ( 0.0%) 
waterstrips              1/32768          10/327680   ( 0.0%) 
waterverts               0/65536           0/786432   ( 0.0%) 
waterindices            12/65536          24/131072   ( 0.0%) 
cubemapsamples           0/1024            0/16384    ( 0.0%) 
overlays                 0/8192            0/2883584  ( 0.0%) 
LDR lightdata         [variable]       78008/0        ( 0.0%) 
HDR lightdata         [variable]       78008/0        ( 0.0%) 
visdata               [variable]          14/16777216 ( 0.0%) 
entdata               [variable]         702/393216   ( 0.2%) 
LDR ambient table       37/65536         148/262144   ( 0.1%) 
HDR ambient table       37/65536         148/262144   ( 0.1%) 
LDR leaf ambient         6/65536         168/1835008  ( 0.0%) 
HDR leaf ambient         6/65536         168/1835008  ( 0.0%) 
occluders                0/0               0/0        ( 0.0%) 
occluder polygons        0/0               0/0        ( 0.0%) 
occluder vert ind        0/0               0/0        ( 0.0%) 
detail props          [variable]           1/12       ( 8.3%) 
static props          [variable]           1/864      ( 0.1%) 
pakfile               [variable]         347/0        ( 0.0%) 
physics               [variable]        5970/4194304  ( 0.1%) 
physics terrain       [variable]           2/1048576  ( 0.0%) 

Level flags = 0

Total triangle count: 102
Writing c:\users\stdpi\documents\firemap\firemap\instances\skybox.bsp
MSG_FILEWRITE - Filesystem was asked to write to 'c:\users\stdpi\documents\firemap\firemap\instances\skybox.bsp', but we don't own that location. Allowing.
0 seconds elapsed



materialPath: D:\SteamLibrary\steamapps\common\Source SDK Base 2013 Multiplayer\firegame\materials
Loading c:\users\stdpi\documents\firemap\firemap\instances\skybox.vmf
***need to set $abovewater for material dev/dev_water2_cheap
***need to set $abovewater for material dev/dev_water2_cheap
fixing up env_cubemap materials on brush sides...
0...1...2...3...4...5...6...7...8...9...100...1...2...3...4...5...6...7...8...9...10Processing areas...done (0)
Building Faces...done (0)
FixTjuncs...
PruneNodes...
WriteBSP...
done (0)
writing c:\users\stdpi\documents\firemap\firemap\instances\skybox.prt...Building visibility clusters...
done (0)
Finding displacement neighbors...
Finding lightmap sample positions...
Displacement Alpha : 0...1...2...3...4...5...6...7...8...9...10
Building Physics collision data...
done (0) (5970 bytes)
Placing static props...
Placing detail props : 0...1...2...3...4...5...6...7...8...9...10
Water found with no water_lod_control entity, creating a default one.
Compacting texture/material tables...
Reduced 21 texinfos to 9
Reduced 6 texdatas to 5 (136 bytes to 94)
Writing c:\users\stdpi\documents\firemap\firemap\instances\skybox.bsp
MSG_FILEWRITE - Filesystem was asked to write to 'c:\users\stdpi\documents\firemap\firemap\instances\skybox.bsp', but we don't own that location. Allowing.
0 seconds elapsed



8 threads
reading c:\users\stdpi\documents\firemap\firemap\instances\skybox.bsp
reading c:\users\stdpi\documents\firemap\firemap\instances\skybox.prt
   1 portalclusters
   0 numportals
0...1...2...3...4...5...6...7...8...9...100...1...2...3...4...5...6...7...8...9...10Optimized: 0 visible clusters (0.00%)
Total clusters visible: 1
Average clusters visible: 1
Building PAS...
Average clusters audible: 1
visdatasize:14  compressed from 16
writing c:\users\stdpi\documents\firemap\firemap\instances\skybox.bsp
MSG_FILEWRITE - Filesystem was asked to write to 'c:\users\stdpi\documents\firemap\firemap\instances\skybox.bsp', but we don't own that location. Allowing.
0 seconds elapsed



Could not find lights.rad in lights.rad.
Trying VRAD BIN directory instead...
Warning: Couldn't open texlight file D:\SteamLibrary\steamapps\common\Source SDK Base 2013 Multiplayer\bin\lights.rad.
Loading c:\users\stdpi\documents\firemap\firemap\instances\skybox.bsp
42 faces
40924 square feet [5893120.00 square inches]
0 Displacements
0 Square Feet [0.00 Square Inches]
42 patches before subdivision
896 patches after subdivision
0 direct lights
0...1...2...3...4...5...6...7...8...9...100...1...2...3...4...5...6...7...8...9...10transfers 6998, max 129
transfer lists:   0.1 megs
0...1...2...3...4...5...6...7...8...9...10	Bounce #1 added RGB(0, 0, 0)
Build Patch/Sample Hash Table(s).....Done<0.0002 sec>
0...1...2...3...4...5...6...7...8...9...10FinalLightFace Done
0 of 0 (0% of) surface lights went in leaf ambient cubes.
0...1...2...3...4...5...6...7...8...9...10Writing leaf ambient...done
Ready to Finish

Object names       Objects/Maxobjs  Memory / Maxmem  Fullness 
------------       ---------------  ---------------  -------- 
models                   1/1024           48/49152    ( 0.1%) 
brushes                 16/8192          192/98304    ( 0.2%) 
brushsides              96/65536         768/524288   ( 0.1%) 
planes                  58/65536        1160/1310720  ( 0.1%) 
vertexes                80/65536         960/786432   ( 0.1%) 
nodes                   35/65536        1120/2097152  ( 0.1%) 
texinfos                 9/12288         648/884736   ( 0.1%) 
texdata                  5/2048          160/65536    ( 0.2%) 
dispinfos                0/0               0/0        ( 0.0%) 
disp_verts               0/0               0/0        ( 0.0%) 
disp_tris                0/0               0/0        ( 0.0%) 
disp_lmsamples           0/0               0/0        ( 0.0%) 
faces                   42/65536        2352/3670016  ( 0.1%) 
hdr faces                0/65536           0/3670016  ( 0.0%) 
origfaces               20/65536        1120/3670016  ( 0.0%) 
leaves                  37/65536        1184/2097152  ( 0.1%) 
leaffaces               42/65536          84/131072   ( 0.1%) 
leafbrushes             32/65536          64/131072   ( 0.0%) 
areas                    2/256            16/2048     ( 0.8%) 
surfedges              266/512000       1064/2048000  ( 0.1%) 
edges                  167/256000        668/1024000  ( 0.1%) 
LDR worldlights          0/65536           0/5767168  ( 0.0%) 
HDR worldlights          0/65536           0/5767168  ( 0.0%) 
leafwaterdata            1/32768          12/393216   ( 0.0%) 
waterstrips              1/32768          10/327680   ( 0.0%) 
waterverts               0/65536           0/786432   ( 0.0%) 
waterindices            12/65536          24/131072   ( 0.0%) 
cubemapsamples           0/1024            0/16384    ( 0.0%) 
overlays                 0/8192            0/2883584  ( 0.0%) 
LDR lightdata         [variable]       78008/0        ( 0.0%) 
HDR lightdata         [variable]           0/0        ( 0.0%) 
visdata               [variable]          14/16777216 ( 0.0%) 
entdata               [variable]         702/393216   ( 0.2%) 
LDR ambient table       37/65536         148/262144   ( 0.1%) 
HDR ambient table       37/65536         148/262144   ( 0.1%) 
LDR leaf ambient         6/65536         168/1835008  ( 0.0%) 
HDR leaf ambient        37/65536        1036/1835008  ( 0.1%) 
occluders                0/0               0/0        ( 0.0%) 
occluder polygons        0/0               0/0        ( 0.0%) 
occluder vert ind        0/0               0/0        ( 0.0%) 
detail props          [variable]           1/12       ( 8.3%) 
static props          [variable]           1/864      ( 0.1%) 
pakfile               [variable]         347/0        ( 0.0%) 
physics               [variable]        5970/4194304  ( 0.1%) 
physics terrain       [variable]           2/1048576  ( 0.0%) 

Level flags = 0

Total triangle count: 102
Writing c:\users\stdpi\documents\firemap\firemap\instances\skybox.bsp
MSG_FILEWRITE - Filesystem was asked to write to 'c:\users\stdpi\documents\firemap\firemap\instances\skybox.bsp', but we don't own that location. Allowing.
0 seconds elapsed



Could not find lights.rad in lights.rad.
Trying VRAD BIN directory instead...
Warning: Couldn't open texlight file D:\SteamLibrary\steamapps\common\Source SDK Base 2013 Multiplayer\bin\lights.rad.
Loading c:\users\stdpi\documents\firemap\firemap\instances\skybox.bsp
42 faces
40924 square feet [5893120.00 square inches]
0 Displacements
0 Square Feet [0.00 Square Inches]
42 patches before subdivision
896 patches after subdivision
0 direct lights
0...1...2...3...4...5...6...7...8...9...100...1...2...3...4...5...6...7...8...9...10transfers 6998, max 129
transfer lists:   0.1 megs
0...1...2...3...4...5...6...7...8...9...10	Bounce #1 added RGB(0, 0, 0)
Build Patch/Sample Hash Table(s).....Done<0.0002 sec>
0...1...2...3...4...5...6...7...8...9...10FinalLightFace Done
0 of 0 (0% of) surface lights went in leaf ambient cubes.
0...1...2...3...4...5...6...7...8...9...10Writing leaf ambient...done
Ready to Finish

Object names       Objects/Maxobjs  Memory / Maxmem  Fullness 
------------       ---------------  ---------------  -------- 
models                   1/1024           48/49152    ( 0.1%) 
brushes                 16/8192          192/98304    ( 0.2%) 
brushsides              96/65536         768/524288   ( 0.1%) 
planes                  58/65536        1160/1310720  ( 0.1%) 
vertexes                80/65536         960/786432   ( 0.1%) 
nodes                   35/65536        1120/2097152  ( 0.1%) 
texinfos                 9/12288         648/884736   ( 0.1%) 
texdata                  5/2048          160/65536    ( 0.2%) 
dispinfos                0/0               0/0        ( 0.0%) 
disp_verts               0/0               0/0        ( 0.0%) 
disp_tris                0/0               0/0        ( 0.0%) 
disp_lmsamples           0/0               0/0        ( 0.0%) 
faces                   42/65536        2352/3670016  ( 0.1%) 
hdr faces               42/65536        2352/3670016  ( 0.1%) 
origfaces               20/65536        1120/3670016  ( 0.0%) 
leaves                  37/65536        1184/2097152  ( 0.1%) 
leaffaces               42/65536          84/131072   ( 0.1%) 
leafbrushes             32/65536          64/131072   ( 0.0%) 
areas                    2/256            16/2048     ( 0.8%) 
surfedges              266/512000       1064/2048000  ( 0.1%) 
edges                  167/256000        668/1024000  ( 0.1%) 
LDR worldlights          0/65536           0/5767168  ( 0.0%) 
HDR worldlights          0/65536           0/5767168  ( 0.0%) 
leafwaterdata            1/32768          12/393216   ( 0.0%) 
waterstrips              1/32768          10/327680   ( 0.0%) 
waterverts               0/65536           0/786432   ( 0.0%) 
waterindices            12/65536          24/131072   ( 0.0%) 
cubemapsamples           0/1024            0/16384    ( 0.0%) 
overlays                 0/8192            0/2883584  ( 0.0%) 
LDR lightdata         [variable]       78008/0        ( 0.0%) 
HDR lightdata         [variable]       78008/0        ( 0.0%) 
visdata               [variable]          14/16777216 ( 0.0%) 
entdata               [variable]         702/393216   ( 0.2%) 
LDR ambient table       37/65536         148/262144   ( 0.1%) 
HDR ambient table       37/65536         148/262144   ( 0.1%) 
LDR leaf ambient         6/65536         168/1835008  ( 0.0%) 
HDR leaf ambient         6/65536         168/1835008  ( 0.0%) 
occluders                0/0               0/0        ( 0.0%) 
occluder polygons        0/0               0/0        ( 0.0%) 
occluder vert ind        0/0               0/0        ( 0.0%) 
detail props          [variable]           1/12       ( 8.3%) 
static props          [variable]           1/864      ( 0.1%) 
pakfile               [variable]         347/0        ( 0.0%) 
physics               [variable]        5970/4194304  ( 0.1%) 
physics terrain       [variable]           2/1048576  ( 0.0%) 

Level flags = 0

Total triangle count: 102
Writing c:\users\stdpi\documents\firemap\firemap\instances\skybox.bsp
MSG_FILEWRITE - Filesystem was asked to write to 'c:\users\stdpi\documents\firemap\firemap\instances\skybox.bsp', but we don't own that location. Allowing.
0 seconds elapsed



materialPath: D:\SteamLibrary\steamapps\common\Source SDK Base 2013 Multiplayer\firegame\materials
Loading c:\users\stdpi\documents\firemap\firemap\instances\skybox.vmf
***need to set $abovewater for material dev/dev_water2_cheap
***need to set $abovewater for material dev/dev_water2_cheap
fixing up env_cubemap materials on brush sides...
0...1...2...3...4...5...6...7...8...9...100...1...2...3...4...5...6...7...8...9...10Processing areas...done (0)
Building Faces...done (0)
FixTjuncs...
PruneNodes...
WriteBSP...
done (0)
writing c:\users\stdpi\documents\firemap\firemap\instances\skybox.prt...Building visibility clusters...
done (0)
Finding displacement neighbors...
Finding lightmap sample positions...
Displacement Alpha : 0...1...2...3...4...5...6...7...8...9...10
Building Physics collision data...
done (0) (6362 bytes)
Placing static props...
Placing detail props : 0...1...2...3...4...5...6...7...8...9...10
Water found with no water_lod_control entity, creating a default one.
Compacting texture/material tables...
Reduced 32 texinfos to 8
Reduced 8 texdatas to 6 (222 bytes to 136)
Writing c:\users\stdpi\documents\firemap\firemap\instances\skybox.bsp
MSG_FILEWRITE - Filesystem was asked to write to 'c:\users\stdpi\documents\firemap\firemap\instances\skybox.bsp', but we don't own that location. Allowing.
0 seconds elapsed



8 threads
reading c:\users\stdpi\documents\firemap\firemap\instances\skybox.bsp
reading c:\users\stdpi\documents\firemap\firemap\instances\skybox.prt
   1 portalclusters
   0 numportals
0...1...2...3...4...5...6...7...8...9...100...1...2...3...4...5...6...7...8...9...10Optimized: 0 visible clusters (0.00%)
Total clusters visible: 1
Average clusters visible: 1
Building PAS...
Average clusters audible: 1
visdatasize:14  compressed from 16
writing c:\users\stdpi\documents\firemap\firemap\instances\skybox.bsp
MSG_FILEWRITE - Filesystem was asked to write to 'c:\users\stdpi\documents\firemap\firemap\instances\skybox.bsp', but we don't own that location. Allowing.
0 seconds elapsed



Could not find lights.rad in lights.rad.
Trying VRAD BIN directory instead...
Warning: Couldn't open texlight file D:\SteamLibrary\steamapps\common\Source SDK Base 2013 Multiplayer\bin\lights.rad.
Loading c:\users\stdpi\documents\firemap\firemap\instances\skybox.bsp
31 faces
40400 square feet [5817600.00 square inches]
0 Displacements
0 Square Feet [0.00 Square Inches]
31 patches before subdivision
523 patches after subdivision
0 direct lights
0...1...2...3...4...5...6...7...8...9...100...1...2...3...4...5...6...7...8...9...10transfers 447, max 45
transfer lists:   0.0 megs
0...1...2...3...4...5...6...7...8...9...10	Bounce #1 added RGB(0, 0, 0)
Build Patch/Sample Hash Table(s).....Done<0.0001 sec>
0...1...2...3...4...5...6...7...8...9...10FinalLightFace Done
0 of 0 (0% of) surface lights went in leaf ambient cubes.
0...1...2...3...4...5...6...7...8...9...10Writing leaf ambient...done
Ready to Finish

Object names       Objects/Maxobjs  Memory / Maxmem  Fullness 
------------       ---------------  ---------------  -------- 
models                   1/1024           48/49152    ( 0.1%) 
brushes                 18/8192          216/98304    ( 0.2%) 
brushsides             108/65536         864/524288   ( 0.2%) 
planes                  76/65536        1520/1310720  ( 0.1%) 
vertexes                80/65536         960/786432   ( 0.1%) 
nodes                   40/65536        1280/2097152  ( 0.1%) 
texinfos                 8/12288         576/884736   ( 0.1%) 
texdata                  6/2048          192/65536    ( 0.3%) 
dispinfos                0/0               0/0        ( 0.0%) 
disp_verts               0/0               0/0        ( 0.0%) 
disp_tris                0/0               0/0        ( 0.0%) 
disp_lmsamples           0/0               0/0        ( 0.0%) 
faces                   31/65536        1736/3670016  ( 0.0%) 
hdr faces                0/65536           0/3670016  ( 0.0%) 
origfaces               16/65536         896/3670016  ( 0.0%) 
leaves                  42/65536        1344/2097152  ( 0.1%) 
leaffaces               40/65536          80/131072   ( 0.1%) 
leafbrushes             34/65536          68/131072   ( 0.1%) 
areas                    2/256            16/2048     ( 0.8%) 
surfedges              204/512000        816/2048000  ( 0.0%) 
edges                  134/256000        536/1024000  ( 0.1%) 
LDR worldlights          0/65536           0/5767168  ( 0.0%) 
HDR worldlights          0/65536           0/5767168  ( 0.0%) 
leafwaterdata            1/32768          12/393216   ( 0.0%) 
waterstrips              0/32768           0/327680   ( 0.0%) 
waterverts               0/65536           0/786432   ( 0.0%) 
waterindices             0/65536           0/131072   ( 0.0%) 
cubemapsamples           1/1024           16/16384    ( 0.1%) 
overlays                 0/8192            0/2883584  ( 0.0%) 
LDR lightdata         [variable]       64492/0        ( 0.0%) 
HDR lightdata         [variable]           0/0        ( 0.0%) 
visdata               [variable]          14/16777216 ( 0.0%) 
entdata               [variable]         702/393216   ( 0.2%) 
LDR ambient table       42/65536         168/262144   ( 0.1%) 
HDR ambient table       42/65536         168/262144   ( 0.1%) 
LDR leaf ambient        10/65536         280/1835008  ( 0.0%) 
HDR leaf ambient        42/65536        1176/1835008  ( 0.1%) 
occluders                0/0               0/0        ( 0.0%) 
occluder polygons        0/0               0/0        ( 0.0%) 
occluder vert ind        0/0               0/0        ( 0.0%) 
detail props          [variable]           1/12       ( 8.3%) 
static props          [variable]           1/866      ( 0.1%) 
pakfile               [variable]         730/0        ( 0.0%) 
physics               [variable]        6362/4194304  ( 0.2%) 
physics terrain       [variable]           2/1048576  ( 0.0%) 

Level flags = 0

Total triangle count: 78
Writing c:\users\stdpi\documents\firemap\firemap\instances\skybox.bsp
MSG_FILEWRITE - Filesystem was asked to write to 'c:\users\stdpi\documents\firemap\firemap\instances\skybox.bsp', but we don't own that location. Allowing.
0 seconds elapsed



Could not find lights.rad in lights.rad.
Trying VRAD BIN directory instead...
Warning: Couldn't open texlight file D:\SteamLibrary\steamapps\common\Source SDK Base 2013 Multiplayer\bin\lights.rad.
Loading c:\users\stdpi\documents\firemap\firemap\instances\skybox.bsp
31 faces
40400 square feet [5817600.00 square inches]
0 Displacements
0 Square Feet [0.00 Square Inches]
31 patches before subdivision
523 patches after subdivision
0 direct lights
0...1...2...3...4...5...6...7...8...9...100...1...2...3...4...5...6...7...8...9...10transfers 447, max 45
transfer lists:   0.0 megs
0...1...2...3...4...5...6...7...8...9...10	Bounce #1 added RGB(0, 0, 0)
Build Patch/Sample Hash Table(s).....Done<0.0001 sec>
0...1...2...3...4...5...6...7...8...9...10FinalLightFace Done
0 of 0 (0% of) surface lights went in leaf ambient cubes.
0...1...2...3...4...5...6...7...8...9...10Writing leaf ambient...done
Ready to Finish

Object names       Objects/Maxobjs  Memory / Maxmem  Fullness 
------------       ---------------  ---------------  -------- 
models                   1/1024           48/49152    ( 0.1%) 
brushes                 18/8192          216/98304    ( 0.2%) 
brushsides             108/65536         864/524288   ( 0.2%) 
planes                  76/65536        1520/1310720  ( 0.1%) 
vertexes                80/65536         960/786432   ( 0.1%) 
nodes                   40/65536        1280/2097152  ( 0.1%) 
texinfos                 8/12288         576/884736   ( 0.1%) 
texdata                  6/2048          192/65536    ( 0.3%) 
dispinfos                0/0               0/0        ( 0.0%) 
disp_verts               0/0               0/0        ( 0.0%) 
disp_tris                0/0               0/0        ( 0.0%) 
disp_lmsamples           0/0               0/0        ( 0.0%) 
faces                   31/65536        1736/3670016  ( 0.0%) 
hdr faces               31/65536        1736/3670016  ( 0.0%) 
origfaces               16/65536         896/3670016  ( 0.0%) 
leaves                  42/65536        1344/2097152  ( 0.1%) 
leaffaces               40/65536          80/131072   ( 0.1%) 
leafbrushes             34/65536          68/131072   ( 0.1%) 
areas                    2/256            16/2048     ( 0.8%) 
surfedges              204/512000        816/2048000  ( 0.0%) 
edges                  134/256000        536/1024000  ( 0.1%) 
LDR worldlights          0/65536           0/5767168  ( 0.0%) 
HDR worldlights          0/65536           0/5767168  ( 0.0%) 
leafwaterdata            1/32768          12/393216   ( 0.0%) 
waterstrips              0/32768           0/327680   ( 0.0%) 
waterverts               0/65536           0/786432   ( 0.0%) 
waterindices             0/65536           0/131072   ( 0.0%) 
cubemapsamples           1/1024           16/16384    ( 0.1%) 
overlays                 0/8192            0/2883584  ( 0.0%) 
LDR lightdata         [variable]       64492/0        ( 0.0%) 
HDR lightdata         [variable]       64492/0        ( 0.0%) 
visdata               [variable]          14/16777216 ( 0.0%) 
entdata               [variable]         702/393216   ( 0.2%) 
LDR ambient table       42/65536         168/262144   ( 0.1%) 
HDR ambient table       42/65536         168/262144   ( 0.1%) 
LDR leaf ambient        10/65536         280/1835008  ( 0.0%) 
HDR leaf ambient        10/65536         280/1835008  ( 0.0%) 
occluders                0/0               0/0        ( 0.0%) 
occluder polygons        0/0               0/0        ( 0.0%) 
occluder vert ind        0/0               0/0        ( 0.0%) 
detail props          [variable]           1/12       ( 8.3%) 
static props          [variable]           1/866      ( 0.1%) 
pakfile               [variable]         730/0        ( 0.0%) 
physics               [variable]        6362/4194304  ( 0.2%) 
physics terrain       [variable]           2/1048576  ( 0.0%) 

Level flags = 0

Total triangle count: 78
Writing c:\users\stdpi\documents\firemap\firemap\instances\skybox.bsp
MSG_FILEWRITE - Filesystem was asked to write to 'c:\users\stdpi\documents\firemap\firemap\instances\skybox.bsp', but we don't own that location. Allowing.
0 seconds elapsed



materialPath: D:\SteamLibrary\steamapps\common\Source SDK Base 2013 Multiplayer\firegame\materials
Loading c:\users\stdpi\documents\firemap\firemap\instances\skybox.vmf
***need to set $abovewater for material dev/dev_water2_cheap
***need to set $abovewater for material dev/dev_water2_cheap
fixing up env_cubemap materials on brush sides...
0...1...2...3...4...5...6...7...8...9...10**** leaked ****
Entity sky_camera (-32.00 -32.00 -447.00) leaked!
--- MAP LEAKED ---



8 threads
reading c:\users\stdpi\documents\firemap\firemap\instances\skybox.bsp
reading c:\users\stdpi\documents\firemap\firemap\instances\skybox.prt
LoadPortals: couldn't read c:\users\stdpi\documents\firemap\firemap\instances\skybox.prt



materialPath: D:\SteamLibrary\steamapps\common\Source SDK Base 2013 Multiplayer\firegame\materials
Loading c:\users\stdpi\documents\firemap\firemap\instances\skybox.vmf
***need to set $abovewater for material dev/dev_water2_cheap
***need to set $abovewater for material dev/dev_water2_cheap
fixing up env_cubemap materials on brush sides...
0...1...2...3...4...5...6...7...8...9...10**** leaked ****
Entity sky_camera (-32.00 -32.00 -447.00) leaked!
--- MAP LEAKED ---



8 threads
reading c:\users\stdpi\documents\firemap\firemap\instances\skybox.bsp
reading c:\users\stdpi\documents\firemap\firemap\instances\skybox.prt
LoadPortals: couldn't read c:\users\stdpi\documents\firemap\firemap\instances\skybox.prt



materialPath: D:\SteamLibrary\steamapps\common\Source SDK Base 2013 Multiplayer\firegame\materials
Loading c:\users\stdpi\documents\firemap\firemap\instances\skybox.vmf
***need to set $abovewater for material dev/dev_water2_cheap
***need to set $abovewater for material dev/dev_water2_cheap
fixing up env_cubemap materials on brush sides...
0...1...2...3...4...5...6...7...8...9...100...1...2...3...4...5...6...7...8...9...10Processing areas...done (0)
Building Faces...done (0)
FixTjuncs...
PruneNodes...
WriteBSP...
done (0)
writing c:\users\stdpi\documents\firemap\firemap\instances\skybox.prt...Building visibility clusters...
done (0)
Finding displacement neighbors...
Finding lightmap sample positions...
Displacement Alpha : 0...1...2...3...4...5...6...7...8...9...10
Building Physics collision data...
done (0) (6034 bytes)
Placing static props...
Placing detail props : 0...1...2...3...4...5...6...7...8...9...10
Water found with no water_lod_control entity, creating a default one.
Compacting texture/material tables...
Reduced 24 texinfos to 8
Reduced 8 texdatas to 6 (222 bytes to 136)
Writing c:\users\stdpi\documents\firemap\firemap\instances\skybox.bsp
MSG_FILEWRITE - Filesystem was asked to write to 'c:\users\stdpi\documents\firemap\firemap\instances\skybox.bsp', but we don't own that location. Allowing.
0 seconds elapsed



8 threads
reading c:\users\stdpi\documents\firemap\firemap\instances\skybox.bsp
reading c:\users\stdpi\documents\firemap\firemap\instances\skybox.prt
   1 portalclusters
   0 numportals
0...1...2...3...4...5...6...7...8...9...100...1...2...3...4...5...6...7...8...9...10Optimized: 0 visible clusters (0.00%)
Total clusters visible: 1
Average clusters visible: 1
Building PAS...
Average clusters audible: 1
visdatasize:14  compressed from 16
writing c:\users\stdpi\documents\firemap\firemap\instances\skybox.bsp
MSG_FILEWRITE - Filesystem was asked to write to 'c:\users\stdpi\documents\firemap\firemap\instances\skybox.bsp', but we don't own that location. Allowing.
0 seconds elapsed



Could not find lights.rad in lights.rad.
Trying VRAD BIN directory instead...
Warning: Couldn't open texlight file D:\SteamLibrary\steamapps\common\Source SDK Base 2013 Multiplayer\bin\lights.rad.
Loading c:\users\stdpi\documents\firemap\firemap\instances\skybox.bsp
31 faces
40416 square feet [5819904.00 square inches]
0 Displacements
0 Square Feet [0.00 Square Inches]
31 patches before subdivision
487 patches after subdivision
0 direct lights
0...1...2...3...4...5...6...7...8...9...100...1...2...3...4...5...6...7...8...9...10transfers 466, max 47
transfer lists:   0.0 megs
0...1...2...3...4...5...6...7...8...9...10	Bounce #1 added RGB(0, 0, 0)
Build Patch/Sample Hash Table(s).....Done<0.0001 sec>
0...1...2...3...4...5...6...7...8...9...10FinalLightFace Done
0 of 0 (0% of) surface lights went in leaf ambient cubes.
0...1...2...3...4...5...6...7...8...9...10Writing leaf ambient...done
Computing static prop lighting : 00...1...2...3...4...5...6...7...8...9...10
Ready to Finish

Object names       Objects/Maxobjs  Memory / Maxmem  Fullness 
------------       ---------------  ---------------  -------- 
models                   1/1024           48/49152    ( 0.1%) 
brushes                 17/8192          204/98304    ( 0.2%) 
brushsides             102/65536         816/524288   ( 0.2%) 
planes                  70/65536        1400/1310720  ( 0.1%) 
vertexes                72/65536         864/786432   ( 0.1%) 
nodes                   35/65536        1120/2097152  ( 0.1%) 
texinfos                 8/12288         576/884736   ( 0.1%) 
texdata                  6/2048          192/65536    ( 0.3%) 
dispinfos                0/0               0/0        ( 0.0%) 
disp_verts               0/0               0/0        ( 0.0%) 
disp_tris                0/0               0/0        ( 0.0%) 
disp_lmsamples           0/0               0/0        ( 0.0%) 
faces                   31/65536        1736/3670016  ( 0.0%) 
hdr faces                0/65536           0/3670016  ( 0.0%) 
origfaces               16/65536         896/3670016  ( 0.0%) 
leaves                  37/65536        1184/2097152  ( 0.1%) 
leaffaces               31/65536          62/131072   ( 0.0%) 
leafbrushes             35/65536          70/131072   ( 0.1%) 
areas                    2/256            16/2048     ( 0.8%) 
surfedges              204/512000        816/2048000  ( 0.0%) 
edges                  134/256000        536/1024000  ( 0.1%) 
LDR worldlights          0/65536           0/5767168  ( 0.0%) 
HDR worldlights          0/65536           0/5767168  ( 0.0%) 
leafwaterdata            1/32768          12/393216   ( 0.0%) 
waterstrips              0/32768           0/327680   ( 0.0%) 
waterverts               0/65536           0/786432   ( 0.0%) 
waterindices             0/65536           0/131072   ( 0.0%) 
cubemapsamples           1/1024           16/16384    ( 0.1%) 
overlays                 0/8192            0/2883584  ( 0.0%) 
LDR lightdata         [variable]       62444/0        ( 0.0%) 
HDR lightdata         [variable]           0/0        ( 0.0%) 
visdata               [variable]          14/16777216 ( 0.0%) 
entdata               [variable]         701/393216   ( 0.2%) 
LDR ambient table       37/65536         148/262144   ( 0.1%) 
HDR ambient table       37/65536         148/262144   ( 0.1%) 
LDR leaf ambient         6/65536         168/1835008  ( 0.0%) 
HDR leaf ambient        37/65536        1036/1835008  ( 0.1%) 
occluders                0/0               0/0        ( 0.0%) 
occluder polygons        0/0               0/0        ( 0.0%) 
occluder vert ind        0/0               0/0        ( 0.0%) 
detail props          [variable]           1/12       ( 8.3%) 
static props          [variable]           1/928      ( 0.1%) 
pakfile               [variable]       38658/0        ( 0.0%) 
physics               [variable]        6034/4194304  ( 0.1%) 
physics terrain       [variable]           2/1048576  ( 0.0%) 

Level flags = 1

Total triangle count: 78
Writing c:\users\stdpi\documents\firemap\firemap\instances\skybox.bsp
MSG_FILEWRITE - Filesystem was asked to write to 'c:\users\stdpi\documents\firemap\firemap\instances\skybox.bsp', but we don't own that location. Allowing.
0 seconds elapsed



Could not find lights.rad in lights.rad.
Trying VRAD BIN directory instead...
Warning: Couldn't open texlight file D:\SteamLibrary\steamapps\common\Source SDK Base 2013 Multiplayer\bin\lights.rad.
Loading c:\users\stdpi\documents\firemap\firemap\instances\skybox.bsp
31 faces
40416 square feet [5819904.00 square inches]
0 Displacements
0 Square Feet [0.00 Square Inches]
31 patches before subdivision
487 patches after subdivision
0 direct lights
0...1...2...3...4...5...6...7...8...9...100...1...2...3...4...5...6...7...8...9...10transfers 466, max 47
transfer lists:   0.0 megs
0...1...2...3...4...5...6...7...8...9...10	Bounce #1 added RGB(0, 0, 0)
Build Patch/Sample Hash Table(s).....Done<0.0001 sec>
0...1...2...3...4...5...6...7...8...9...10FinalLightFace Done
0 of 0 (0% of) surface lights went in leaf ambient cubes.
0...1...2...3...4...5...6...7...8...9...10Writing leaf ambient...done
Computing static prop lighting : 00...1...2...3...4...5...6...7...8...9...10
Ready to Finish

Object names       Objects/Maxobjs  Memory / Maxmem  Fullness 
------------       ---------------  ---------------  -------- 
models                   1/1024           48/49152    ( 0.1%) 
brushes                 17/8192          204/98304    ( 0.2%) 
brushsides             102/65536         816/524288   ( 0.2%) 
planes                  70/65536        1400/1310720  ( 0.1%) 
vertexes                72/65536         864/786432   ( 0.1%) 
nodes                   35/65536        1120/2097152  ( 0.1%) 
texinfos                 8/12288         576/884736   ( 0.1%) 
texdata                  6/2048          192/65536    ( 0.3%) 
dispinfos                0/0               0/0        ( 0.0%) 
disp_verts               0/0               0/0        ( 0.0%) 
disp_tris                0/0               0/0        ( 0.0%) 
disp_lmsamples           0/0               0/0        ( 0.0%) 
faces                   31/65536        1736/3670016  ( 0.0%) 
hdr faces               31/65536        1736/3670016  ( 0.0%) 
origfaces               16/65536         896/3670016  ( 0.0%) 
leaves                  37/65536        1184/2097152  ( 0.1%) 
leaffaces               31/65536          62/131072   ( 0.0%) 
leafbrushes             35/65536          70/131072   ( 0.1%) 
areas                    2/256            16/2048     ( 0.8%) 
surfedges              204/512000        816/2048000  ( 0.0%) 
edges                  134/256000        536/1024000  ( 0.1%) 
LDR worldlights          0/65536           0/5767168  ( 0.0%) 
HDR worldlights          0/65536           0/5767168  ( 0.0%) 
leafwaterdata            1/32768          12/393216   ( 0.0%) 
waterstrips              0/32768           0/327680   ( 0.0%) 
waterverts               0/65536           0/786432   ( 0.0%) 
waterindices             0/65536           0/131072   ( 0.0%) 
cubemapsamples           1/1024           16/16384    ( 0.1%) 
overlays                 0/8192            0/2883584  ( 0.0%) 
LDR lightdata         [variable]       62444/0        ( 0.0%) 
HDR lightdata         [variable]       62444/0        ( 0.0%) 
visdata               [variable]          14/16777216 ( 0.0%) 
entdata               [variable]         701/393216   ( 0.2%) 
LDR ambient table       37/65536         148/262144   ( 0.1%) 
HDR ambient table       37/65536         148/262144   ( 0.1%) 
LDR leaf ambient         6/65536         168/1835008  ( 0.0%) 
HDR leaf ambient         6/65536         168/1835008  ( 0.0%) 
occluders                0/0               0/0        ( 0.0%) 
occluder polygons        0/0               0/0        ( 0.0%) 
occluder vert ind        0/0               0/0        ( 0.0%) 
detail props          [variable]           1/12       ( 8.3%) 
static props          [variable]           1/928      ( 0.1%) 
pakfile               [variable]       76634/0        ( 0.0%) 
physics               [variable]        6034/4194304  ( 0.1%) 
physics terrain       [variable]           2/1048576  ( 0.0%) 

Level flags = 3

Total triangle count: 78
Writing c:\users\stdpi\documents\firemap\firemap\instances\skybox.bsp
MSG_FILEWRITE - Filesystem was asked to write to 'c:\users\stdpi\documents\firemap\firemap\instances\skybox.bsp', but we don't own that location. Allowing.
0 seconds elapsed



materialPath: D:\SteamLibrary\steamapps\common\Source SDK Base 2013 Multiplayer\firegame\materials
Loading c:\users\stdpi\documents\firemap\firemap\instances\skybox.vmf
***need to set $abovewater for material dev/dev_water2_cheap
***need to set $abovewater for material dev/dev_water2_cheap
fixing up env_cubemap materials on brush sides...
0...1...2...3...4...5...6...7...8...9...100...1...2...3...4...5...6...7...8...9...10Processing areas...done (0)
Building Faces...done (0)
FixTjuncs...
PruneNodes...
WriteBSP...
done (0)
writing c:\users\stdpi\documents\firemap\firemap\instances\skybox.prt...Building visibility clusters...
done (0)
Finding displacement neighbors...
Finding lightmap sample positions...
Displacement Alpha : 0...1...2...3...4...5...6...7...8...9...10
Building Physics collision data...
done (0) (6034 bytes)
Placing static props...
Placing detail props : 0...1...2...3...4...5...6...7...8...9...10
Water found with no water_lod_control entity, creating a default one.
Compacting texture/material tables...
Reduced 24 texinfos to 8
Reduced 8 texdatas to 6 (222 bytes to 136)
Writing c:\users\stdpi\documents\firemap\firemap\instances\skybox.bsp
MSG_FILEWRITE - Filesystem was asked to write to 'c:\users\stdpi\documents\firemap\firemap\instances\skybox.bsp', but we don't own that location. Allowing.
0 seconds elapsed



8 threads
reading c:\users\stdpi\documents\firemap\firemap\instances\skybox.bsp
reading c:\users\stdpi\documents\firemap\firemap\instances\skybox.prt
   1 portalclusters
   0 numportals
0...1...2...3...4...5...6...7...8...9...100...1...2...3...4...5...6...7...8...9...10Optimized: 0 visible clusters (0.00%)
Total clusters visible: 1
Average clusters visible: 1
Building PAS...
Average clusters audible: 1
visdatasize:14  compressed from 16
writing c:\users\stdpi\documents\firemap\firemap\instances\skybox.bsp
MSG_FILEWRITE - Filesystem was asked to write to 'c:\users\stdpi\documents\firemap\firemap\instances\skybox.bsp', but we don't own that location. Allowing.
0 seconds elapsed



Could not find lights.rad in lights.rad.
Trying VRAD BIN directory instead...
Warning: Couldn't open texlight file D:\SteamLibrary\steamapps\common\Source SDK Base 2013 Multiplayer\bin\lights.rad.
Loading c:\users\stdpi\documents\firemap\firemap\instances\skybox.bsp
31 faces
40416 square feet [5819904.00 square inches]
0 Displacements
0 Square Feet [0.00 Square Inches]
31 patches before subdivision
487 patches after subdivision
0 direct lights
0...1...2...3...4...5...6...7...8...9...100...1...2...3...4...5...6...7...8...9...10transfers 466, max 47
transfer lists:   0.0 megs
0...1...2...3...4...5...6...7...8...9...10	Bounce #1 added RGB(0, 0, 0)
Build Patch/Sample Hash Table(s).....Done<0.0001 sec>
0...1...2...3...4...5...6...7...8...9...10FinalLightFace Done
0 of 0 (0% of) surface lights went in leaf ambient cubes.
0...1...2...3...4...5...6...7...8...9...10Writing leaf ambient...done
Computing static prop lighting : 00...1...2...3...4...5...6...7...8...9...10
Ready to Finish

Object names       Objects/Maxobjs  Memory / Maxmem  Fullness 
------------       ---------------  ---------------  -------- 
models                   1/1024           48/49152    ( 0.1%) 
brushes                 17/8192          204/98304    ( 0.2%) 
brushsides             102/65536         816/524288   ( 0.2%) 
planes                  70/65536        1400/1310720  ( 0.1%) 
vertexes                72/65536         864/786432   ( 0.1%) 
nodes                   35/65536        1120/2097152  ( 0.1%) 
texinfos                 8/12288         576/884736   ( 0.1%) 
texdata                  6/2048          192/65536    ( 0.3%) 
dispinfos                0/0               0/0        ( 0.0%) 
disp_verts               0/0               0/0        ( 0.0%) 
disp_tris                0/0               0/0        ( 0.0%) 
disp_lmsamples           0/0               0/0        ( 0.0%) 
faces                   31/65536        1736/3670016  ( 0.0%) 
hdr faces                0/65536           0/3670016  ( 0.0%) 
origfaces               16/65536         896/3670016  ( 0.0%) 
leaves                  37/65536        1184/2097152  ( 0.1%) 
leaffaces               31/65536          62/131072   ( 0.0%) 
leafbrushes             35/65536          70/131072   ( 0.1%) 
areas                    2/256            16/2048     ( 0.8%) 
surfedges              204/512000        816/2048000  ( 0.0%) 
edges                  134/256000        536/1024000  ( 0.1%) 
LDR worldlights          0/65536           0/5767168  ( 0.0%) 
HDR worldlights          0/65536           0/5767168  ( 0.0%) 
leafwaterdata            1/32768          12/393216   ( 0.0%) 
waterstrips              0/32768           0/327680   ( 0.0%) 
waterverts               0/65536           0/786432   ( 0.0%) 
waterindices             0/65536           0/131072   ( 0.0%) 
cubemapsamples           1/1024           16/16384    ( 0.1%) 
overlays                 0/8192            0/2883584  ( 0.0%) 
LDR lightdata         [variable]       62444/0        ( 0.0%) 
HDR lightdata         [variable]           0/0        ( 0.0%) 
visdata               [variable]          14/16777216 ( 0.0%) 
entdata               [variable]         702/393216   ( 0.2%) 
LDR ambient table       37/65536         148/262144   ( 0.1%) 
HDR ambient table       37/65536         148/262144   ( 0.1%) 
LDR leaf ambient         6/65536         168/1835008  ( 0.0%) 
HDR leaf ambient        37/65536        1036/1835008  ( 0.1%) 
occluders                0/0               0/0        ( 0.0%) 
occluder polygons        0/0               0/0        ( 0.0%) 
occluder vert ind        0/0               0/0        ( 0.0%) 
detail props          [variable]           1/12       ( 8.3%) 
static props          [variable]           1/928      ( 0.1%) 
pakfile               [variable]       38658/0        ( 0.0%) 
physics               [variable]        6034/4194304  ( 0.1%) 
physics terrain       [variable]           2/1048576  ( 0.0%) 

Level flags = 1

Total triangle count: 78
Writing c:\users\stdpi\documents\firemap\firemap\instances\skybox.bsp
MSG_FILEWRITE - Filesystem was asked to write to 'c:\users\stdpi\documents\firemap\firemap\instances\skybox.bsp', but we don't own that location. Allowing.
0 seconds elapsed



Could not find lights.rad in lights.rad.
Trying VRAD BIN directory instead...
Warning: Couldn't open texlight file D:\SteamLibrary\steamapps\common\Source SDK Base 2013 Multiplayer\bin\lights.rad.
Loading c:\users\stdpi\documents\firemap\firemap\instances\skybox.bsp
31 faces
40416 square feet [5819904.00 square inches]
0 Displacements
0 Square Feet [0.00 Square Inches]
31 patches before subdivision
487 patches after subdivision
0 direct lights
0...1...2...3...4...5...6...7...8...9...100...1...2...3...4...5...6...7...8...9...10transfers 466, max 47
transfer lists:   0.0 megs
0...1...2...3...4...5...6...7...8...9...10	Bounce #1 added RGB(0, 0, 0)
Build Patch/Sample Hash Table(s).....Done<0.0001 sec>
0...1...2...3...4...5...6...7...8...9...10FinalLightFace Done
0 of 0 (0% of) surface lights went in leaf ambient cubes.
0...1...2...3...4...5...6...7...8...9...10Writing leaf ambient...done
Computing static prop lighting : 00...1...2...3...4...5...6...7...8...9...10
Ready to Finish

Object names       Objects/Maxobjs  Memory / Maxmem  Fullness 
------------       ---------------  ---------------  -------- 
models                   1/1024           48/49152    ( 0.1%) 
brushes                 17/8192          204/98304    ( 0.2%) 
brushsides             102/65536         816/524288   ( 0.2%) 
planes                  70/65536        1400/1310720  ( 0.1%) 
vertexes                72/65536         864/786432   ( 0.1%) 
nodes                   35/65536        1120/2097152  ( 0.1%) 
texinfos                 8/12288         576/884736   ( 0.1%) 
texdata                  6/2048          192/65536    ( 0.3%) 
dispinfos                0/0               0/0        ( 0.0%) 
disp_verts               0/0               0/0        ( 0.0%) 
disp_tris                0/0               0/0        ( 0.0%) 
disp_lmsamples           0/0               0/0        ( 0.0%) 
faces                   31/65536        1736/3670016  ( 0.0%) 
hdr faces               31/65536        1736/3670016  ( 0.0%) 
origfaces               16/65536         896/3670016  ( 0.0%) 
leaves                  37/65536        1184/2097152  ( 0.1%) 
leaffaces               31/65536          62/131072   ( 0.0%) 
leafbrushes             35/65536          70/131072   ( 0.1%) 
areas                    2/256            16/2048     ( 0.8%) 
surfedges              204/512000        816/2048000  ( 0.0%) 
edges                  134/256000        536/1024000  ( 0.1%) 
LDR worldlights          0/65536           0/5767168  ( 0.0%) 
HDR worldlights          0/65536           0/5767168  ( 0.0%) 
leafwaterdata            1/32768          12/393216   ( 0.0%) 
waterstrips              0/32768           0/327680   ( 0.0%) 
waterverts               0/65536           0/786432   ( 0.0%) 
waterindices             0/65536           0/131072   ( 0.0%) 
cubemapsamples           1/1024           16/16384    ( 0.1%) 
overlays                 0/8192            0/2883584  ( 0.0%) 
LDR lightdata         [variable]       62444/0        ( 0.0%) 
HDR lightdata         [variable]       62444/0        ( 0.0%) 
visdata               [variable]          14/16777216 ( 0.0%) 
entdata               [variable]         702/393216   ( 0.2%) 
LDR ambient table       37/65536         148/262144   ( 0.1%) 
HDR ambient table       37/65536         148/262144   ( 0.1%) 
LDR leaf ambient         6/65536         168/1835008  ( 0.0%) 
HDR leaf ambient         6/65536         168/1835008  ( 0.0%) 
occluders                0/0               0/0        ( 0.0%) 
occluder polygons        0/0               0/0        ( 0.0%) 
occluder vert ind        0/0               0/0        ( 0.0%) 
detail props          [variable]           1/12       ( 8.3%) 
static props          [variable]           1/928      ( 0.1%) 
pakfile               [variable]       76634/0        ( 0.0%) 
physics               [variable]        6034/4194304  ( 0.1%) 
physics terrain       [variable]           2/1048576  ( 0.0%) 

Level flags = 3

Total triangle count: 78
Writing c:\users\stdpi\documents\firemap\firemap\instances\skybox.bsp
MSG_FILEWRITE - Filesystem was asked to write to 'c:\users\stdpi\documents\firemap\firemap\instances\skybox.bsp', but we don't own that location. Allowing.
0 seconds elapsed
